{"meta": {"format": 3, "version": "7.12.0", "timestamp": "2025-11-28T20:52:27.642503", "branch_coverage": false, "show_contexts": false}, "files": {"src/memorygraph/__init__.py": {"executed_lines": [1, 10, 11, 12, 14, 15, 30], "summary": {"covered_lines": 6, "num_statements": 6, "percent_covered": 100.0, "percent_covered_display": "100", "missing_lines": 0, "excluded_lines": 0, "percent_statements_covered": 100.0, "percent_statements_covered_display": "100"}, "missing_lines": [], "excluded_lines": [], "functions": {"": {"executed_lines": [1, 10, 11, 12, 14, 15, 30], "summary": {"covered_lines": 6, "num_statements": 6, "percent_covered": 100.0, "percent_covered_display": "100", "missing_lines": 0, "excluded_lines": 0, "percent_statements_covered": 100.0, "percent_statements_covered_display": "100"}, "missing_lines": [], "excluded_lines": []}}, "classes": {"": {"executed_lines": [1, 10, 11, 12, 14, 15, 30], "summary": {"covered_lines": 6, "num_statements": 6, "percent_covered": 100.0, "percent_covered_display": "100", "missing_lines": 0, "excluded_lines": 0, "percent_statements_covered": 100.0, "percent_statements_covered_display": "100"}, "missing_lines": [], "excluded_lines": []}}}, "src/memorygraph/__main__.py": {"executed_lines": [], "summary": {"covered_lines": 0, "num_statements": 2, "percent_covered": 0.0, "percent_covered_display": "0", "missing_lines": 2, "excluded_lines": 2, "percent_statements_covered": 0.0, "percent_statements_covered_display": "0"}, "missing_lines": [8, 9], "excluded_lines": [11, 12], "functions": {"": {"executed_lines": [], "summary": {"covered_lines": 0, "num_statements": 2, "percent_covered": 0.0, "percent_covered_display": "0", "missing_lines": 2, "excluded_lines": 2, "percent_statements_covered": 0.0, "percent_statements_covered_display": "0"}, "missing_lines": [8, 9], "excluded_lines": [11, 12]}}, "classes": {"": {"executed_lines": [], "summary": {"covered_lines": 0, "num_statements": 2, "percent_covered": 0.0, "percent_covered_display": "0", "missing_lines": 2, "excluded_lines": 2, "percent_statements_covered": 0.0, "percent_statements_covered_display": "0"}, "missing_lines": [8, 9], "excluded_lines": [11, 12]}}}, "src/memorygraph/advanced_tools.py": {"executed_lines": [1, 8, 9, 10, 12, 14, 19, 20, 22, 26, 157, 158, 160, 162, 164, 233, 266, 294, 360, 430, 473], "summary": {"covered_lines": 19, "num_statements": 103, "percent_covered": 18.446601941747574, "percent_covered_display": "18", "missing_lines": 84, "excluded_lines": 0, "percent_statements_covered": 18.446601941747574, "percent_statements_covered_display": "18"}, "missing_lines": [166, 167, 168, 169, 170, 173, 174, 175, 179, 180, 183, 189, 190, 198, 200, 201, 209, 216, 223, 224, 225, 235, 240, 242, 249, 256, 257, 258, 268, 269, 271, 277, 284, 285, 286, 296, 297, 298, 301, 302, 304, 305, 314, 319, 329, 343, 350, 351, 352, 362, 363, 364, 365, 368, 371, 372, 373, 374, 375, 377, 378, 387, 393, 400, 413, 420, 421, 422, 435, 436, 438, 440, 450, 456, 463, 464, 465, 475, 477, 480, 494, 501, 502, 503], "excluded_lines": [], "functions": {"AdvancedRelationshipHandlers.__init__": {"executed_lines": [162], "summary": {"covered_lines": 1, "num_statements": 1, "percent_covered": 100.0, "percent_covered_display": "100", "missing_lines": 0, "excluded_lines": 0, "percent_statements_covered": 100.0, "percent_statements_covered_display": "100"}, "missing_lines": [], "excluded_lines": []}, "AdvancedRelationshipHandlers.handle_find_memory_path": {"executed_lines": [], "summary": {"covered_lines": 0, "num_statements": 21, "percent_covered": 0.0, "percent_covered_display": "0", "missing_lines": 21, "excluded_lines": 0, "percent_statements_covered": 0.0, "percent_statements_covered_display": "0"}, "missing_lines": [166, 167, 168, 169, 170, 173, 174, 175, 179, 180, 183, 189, 190, 198, 200, 201, 209, 216, 223, 224, 225], "excluded_lines": []}, "AdvancedRelationshipHandlers.handle_analyze_memory_clusters": {"executed_lines": [], "summary": {"covered_lines": 0, "num_statements": 7, "percent_covered": 0.0, "percent_covered_display": "0", "missing_lines": 7, "excluded_lines": 0, "percent_statements_covered": 0.0, "percent_statements_covered_display": "0"}, "missing_lines": [235, 240, 242, 249, 256, 257, 258], "excluded_lines": []}, "AdvancedRelationshipHandlers.handle_find_bridge_memories": {"executed_lines": [], "summary": {"covered_lines": 0, "num_statements": 7, "percent_covered": 0.0, "percent_covered_display": "0", "missing_lines": 7, "excluded_lines": 0, "percent_statements_covered": 0.0, "percent_statements_covered_display": "0"}, "missing_lines": [268, 269, 271, 277, 284, 285, 286], "excluded_lines": []}, "AdvancedRelationshipHandlers.handle_suggest_relationship_type": {"executed_lines": [], "summary": {"covered_lines": 0, "num_statements": 14, "percent_covered": 0.0, "percent_covered_display": "0", "missing_lines": 14, "excluded_lines": 0, "percent_statements_covered": 0.0, "percent_statements_covered_display": "0"}, "missing_lines": [296, 297, 298, 301, 302, 304, 305, 314, 319, 329, 343, 350, 351, 352], "excluded_lines": []}, "AdvancedRelationshipHandlers.handle_reinforce_relationship": {"executed_lines": [], "summary": {"covered_lines": 0, "num_statements": 19, "percent_covered": 0.0, "percent_covered_display": "0", "missing_lines": 19, "excluded_lines": 0, "percent_statements_covered": 0.0, "percent_statements_covered_display": "0"}, "missing_lines": [362, 363, 364, 365, 368, 371, 372, 373, 374, 375, 377, 378, 387, 393, 400, 413, 420, 421, 422], "excluded_lines": []}, "AdvancedRelationshipHandlers.handle_get_relationship_types_by_category": {"executed_lines": [], "summary": {"covered_lines": 0, "num_statements": 9, "percent_covered": 0.0, "percent_covered_display": "0", "missing_lines": 9, "excluded_lines": 0, "percent_statements_covered": 0.0, "percent_statements_covered_display": "0"}, "missing_lines": [435, 436, 438, 440, 450, 456, 463, 464, 465], "excluded_lines": []}, "AdvancedRelationshipHandlers.handle_analyze_graph_metrics": {"executed_lines": [], "summary": {"covered_lines": 0, "num_statements": 7, "percent_covered": 0.0, "percent_covered_display": "0", "missing_lines": 7, "excluded_lines": 0, "percent_statements_covered": 0.0, "percent_statements_covered_display": "0"}, "missing_lines": [475, 477, 480, 494, 501, 502, 503], "excluded_lines": []}, "": {"executed_lines": [1, 8, 9, 10, 12, 14, 19, 20, 22, 26, 157, 158, 160, 164, 233, 266, 294, 360, 430, 473], "summary": {"covered_lines": 18, "num_statements": 18, "percent_covered": 100.0, "percent_covered_display": "100", "missing_lines": 0, "excluded_lines": 0, "percent_statements_covered": 100.0, "percent_statements_covered_display": "100"}, "missing_lines": [], "excluded_lines": []}}, "classes": {"AdvancedRelationshipHandlers": {"executed_lines": [162], "summary": {"covered_lines": 1, "num_statements": 85, "percent_covered": 1.1764705882352942, "percent_covered_display": "1", "missing_lines": 84, "excluded_lines": 0, "percent_statements_covered": 1.1764705882352942, "percent_statements_covered_display": "1"}, "missing_lines": [166, 167, 168, 169, 170, 173, 174, 175, 179, 180, 183, 189, 190, 198, 200, 201, 209, 216, 223, 224, 225, 235, 240, 242, 249, 256, 257, 258, 268, 269, 271, 277, 284, 285, 286, 296, 297, 298, 301, 302, 304, 305, 314, 319, 329, 343, 350, 351, 352, 362, 363, 364, 365, 368, 371, 372, 373, 374, 375, 377, 378, 387, 393, 400, 413, 420, 421, 422, 435, 436, 438, 440, 450, 456, 463, 464, 465, 475, 477, 480, 494, 501, 502, 503], "excluded_lines": []}, "": {"executed_lines": [1, 8, 9, 10, 12, 14, 19, 20, 22, 26, 157, 158, 160, 164, 233, 266, 294, 360, 430, 473], "summary": {"covered_lines": 18, "num_statements": 18, "percent_covered": 100.0, "percent_covered_display": "100", "missing_lines": 0, "excluded_lines": 0, "percent_statements_covered": 100.0, "percent_statements_covered_display": "100"}, "missing_lines": [], "excluded_lines": []}}}, "src/memorygraph/analytics/__init__.py": {"executed_lines": [1, 14, 28], "summary": {"covered_lines": 2, "num_statements": 2, "percent_covered": 100.0, "percent_covered_display": "100", "missing_lines": 0, "excluded_lines": 0, "percent_statements_covered": 100.0, "percent_statements_covered_display": "100"}, "missing_lines": [], "excluded_lines": [], "functions": {"": {"executed_lines": [1, 14, 28], "summary": {"covered_lines": 2, "num_statements": 2, "percent_covered": 100.0, "percent_covered_display": "100", "missing_lines": 0, "excluded_lines": 0, "percent_statements_covered": 100.0, "percent_statements_covered_display": "100"}, "missing_lines": [], "excluded_lines": []}}, "classes": {"": {"executed_lines": [1, 14, 28], "summary": {"covered_lines": 2, "num_statements": 2, "percent_covered": 100.0, "percent_covered_display": "100", "missing_lines": 0, "excluded_lines": 0, "percent_statements_covered": 100.0, "percent_statements_covered_display": "100"}, "missing_lines": [], "excluded_lines": []}}}, "src/memorygraph/analytics/advanced_queries.py": {"executed_lines": [1, 15, 16, 17, 18, 20, 22, 23, 25, 28, 29, 31, 32, 33, 34, 35, 36, 39, 40, 42, 46, 47, 48, 49, 50, 53, 54, 60, 61, 62, 65, 66, 68, 69, 70, 71, 72, 73, 74, 77, 78, 80, 81, 82, 83, 84, 87, 88, 90, 91, 92, 93, 94, 95, 98, 99, 101, 102, 103, 104, 105, 106, 107, 108, 111, 135, 137, 140, 148, 150, 161, 164, 165, 166, 168, 179, 180, 181, 183, 184, 186, 189, 190, 193, 201, 202, 203, 211, 214, 215, 222, 225, 230, 235, 238, 263, 266, 272, 273, 275, 278, 279, 282, 296, 301, 303, 304, 305, 309, 310, 312, 317, 323, 325, 326, 337, 339, 340, 347, 443, 540, 566, 568, 571, 578, 579, 583, 590, 591, 592, 594, 595, 598, 600, 603, 605, 618, 627, 628, 630, 631, 644, 645, 647, 652, 653, 656, 679, 681, 690, 691, 693, 694, 696, 697, 698, 699, 701, 708, 709, 711], "summary": {"covered_lines": 153, "num_statements": 214, "percent_covered": 71.49532710280374, "percent_covered_display": "71", "missing_lines": 61, "excluded_lines": 0, "percent_statements_covered": 71.49532710280374, "percent_statements_covered_display": "71"}, "missing_lines": [187, 232, 233, 276, 342, 343, 344, 376, 379, 388, 389, 394, 395, 397, 398, 399, 402, 403, 409, 411, 412, 414, 415, 418, 424, 429, 430, 433, 435, 436, 438, 439, 440, 466, 469, 483, 484, 493, 495, 496, 497, 499, 509, 510, 518, 522, 524, 532, 533, 535, 536, 537, 599, 601, 614, 615, 640, 641, 725, 726, 727], "excluded_lines": [], "functions": {"get_memory_graph_visualization": {"executed_lines": [135, 137, 140, 148, 150, 161, 164, 165, 166, 168, 179, 180, 181, 183, 184, 186, 189, 190, 193, 201, 202, 203, 211, 214, 215, 222, 225, 230, 235], "summary": {"covered_lines": 29, "num_statements": 32, "percent_covered": 90.625, "percent_covered_display": "91", "missing_lines": 3, "excluded_lines": 0, "percent_statements_covered": 90.625, "percent_statements_covered_display": "91"}, "missing_lines": [187, 232, 233], "excluded_lines": []}, "analyze_solution_similarity": {"executed_lines": [263, 266, 272, 273, 275, 278, 279, 282, 296, 301, 303, 304, 305, 309, 310, 312, 317, 323, 325, 326, 337, 339, 340], "summary": {"covered_lines": 23, "num_statements": 27, "percent_covered": 85.18518518518519, "percent_covered_display": "85", "missing_lines": 4, "excluded_lines": 0, "percent_statements_covered": 85.18518518518519, "percent_statements_covered_display": "85"}, "missing_lines": [276, 342, 343, 344], "excluded_lines": []}, "predict_solution_effectiveness": {"executed_lines": [], "summary": {"covered_lines": 0, "num_statements": 26, "percent_covered": 0.0, "percent_covered_display": "0", "missing_lines": 26, "excluded_lines": 0, "percent_statements_covered": 0.0, "percent_statements_covered_display": "0"}, "missing_lines": [376, 379, 388, 389, 394, 395, 397, 398, 399, 402, 403, 409, 411, 412, 414, 415, 418, 424, 429, 430, 433, 435, 436, 438, 439, 440], "excluded_lines": []}, "recommend_learning_paths": {"executed_lines": [], "summary": {"covered_lines": 0, "num_statements": 19, "percent_covered": 0.0, "percent_covered_display": "0", "missing_lines": 19, "excluded_lines": 0, "percent_statements_covered": 0.0, "percent_statements_covered_display": "0"}, "missing_lines": [466, 469, 483, 484, 493, 495, 496, 497, 499, 509, 510, 518, 522, 524, 532, 533, 535, 536, 537], "excluded_lines": []}, "identify_knowledge_gaps": {"executed_lines": [566, 568, 571, 578, 579, 583, 590, 591, 592, 594, 595, 598, 600, 603, 605, 618, 627, 628, 630, 631, 644, 645, 647, 652, 653], "summary": {"covered_lines": 25, "num_statements": 31, "percent_covered": 80.64516129032258, "percent_covered_display": "81", "missing_lines": 6, "excluded_lines": 0, "percent_statements_covered": 80.64516129032258, "percent_statements_covered_display": "81"}, "missing_lines": [599, 601, 614, 615, 640, 641], "excluded_lines": []}, "track_memory_roi": {"executed_lines": [679, 681, 690, 691, 693, 694, 696, 697, 698, 699, 701, 708, 709, 711], "summary": {"covered_lines": 14, "num_statements": 17, "percent_covered": 82.3529411764706, "percent_covered_display": "82", "missing_lines": 3, "excluded_lines": 0, "percent_statements_covered": 82.3529411764706, "percent_statements_covered_display": "82"}, "missing_lines": [725, 726, 727], "excluded_lines": []}, "": {"executed_lines": [1, 15, 16, 17, 18, 20, 22, 23, 25, 28, 29, 31, 32, 33, 34, 35, 36, 39, 40, 42, 46, 47, 48, 49, 50, 53, 54, 60, 61, 62, 65, 66, 68, 69, 70, 71, 72, 73, 74, 77, 78, 80, 81, 82, 83, 84, 87, 88, 90, 91, 92, 93, 94, 95, 98, 99, 101, 102, 103, 104, 105, 106, 107, 108, 111, 238, 347, 443, 540, 656], "summary": {"covered_lines": 62, "num_statements": 62, "percent_covered": 100.0, "percent_covered_display": "100", "missing_lines": 0, "excluded_lines": 0, "percent_statements_covered": 100.0, "percent_statements_covered_display": "100"}, "missing_lines": [], "excluded_lines": []}}, "classes": {"GraphNode": {"executed_lines": [], "summary": {"covered_lines": 0, "num_statements": 0, "percent_covered": 100.0, "percent_covered_display": "100", "missing_lines": 0, "excluded_lines": 0, "percent_statements_covered": 100.0, "percent_statements_covered_display": "100"}, "missing_lines": [], "excluded_lines": []}, "GraphEdge": {"executed_lines": [], "summary": {"covered_lines": 0, "num_statements": 0, "percent_covered": 100.0, "percent_covered_display": "100", "missing_lines": 0, "excluded_lines": 0, "percent_statements_covered": 100.0, "percent_statements_covered_display": "100"}, "missing_lines": [], "excluded_lines": []}, "GraphVisualizationData": {"executed_lines": [], "summary": {"covered_lines": 0, "num_statements": 0, "percent_covered": 100.0, "percent_covered_display": "100", "missing_lines": 0, "excluded_lines": 0, "percent_statements_covered": 100.0, "percent_statements_covered_display": "100"}, "missing_lines": [], "excluded_lines": []}, "SimilarSolution": {"executed_lines": [], "summary": {"covered_lines": 0, "num_statements": 0, "percent_covered": 100.0, "percent_covered_display": "100", "missing_lines": 0, "excluded_lines": 0, "percent_statements_covered": 100.0, "percent_statements_covered_display": "100"}, "missing_lines": [], "excluded_lines": []}, "LearningPath": {"executed_lines": [], "summary": {"covered_lines": 0, "num_statements": 0, "percent_covered": 100.0, "percent_covered_display": "100", "missing_lines": 0, "excluded_lines": 0, "percent_statements_covered": 100.0, "percent_statements_covered_display": "100"}, "missing_lines": [], "excluded_lines": []}, "KnowledgeGap": {"executed_lines": [], "summary": {"covered_lines": 0, "num_statements": 0, "percent_covered": 100.0, "percent_covered_display": "100", "missing_lines": 0, "excluded_lines": 0, "percent_statements_covered": 100.0, "percent_statements_covered_display": "100"}, "missing_lines": [], "excluded_lines": []}, "MemoryROI": {"executed_lines": [], "summary": {"covered_lines": 0, "num_statements": 0, "percent_covered": 100.0, "percent_covered_display": "100", "missing_lines": 0, "excluded_lines": 0, "percent_statements_covered": 100.0, "percent_statements_covered_display": "100"}, "missing_lines": [], "excluded_lines": []}, "": {"executed_lines": [1, 15, 16, 17, 18, 20, 22, 23, 25, 28, 29, 31, 32, 33, 34, 35, 36, 39, 40, 42, 46, 47, 48, 49, 50, 53, 54, 60, 61, 62, 65, 66, 68, 69, 70, 71, 72, 73, 74, 77, 78, 80, 81, 82, 83, 84, 87, 88, 90, 91, 92, 93, 94, 95, 98, 99, 101, 102, 103, 104, 105, 106, 107, 108, 111, 135, 137, 140, 148, 150, 161, 164, 165, 166, 168, 179, 180, 181, 183, 184, 186, 189, 190, 193, 201, 202, 203, 211, 214, 215, 222, 225, 230, 235, 238, 263, 266, 272, 273, 275, 278, 279, 282, 296, 301, 303, 304, 305, 309, 310, 312, 317, 323, 325, 326, 337, 339, 340, 347, 443, 540, 566, 568, 571, 578, 579, 583, 590, 591, 592, 594, 595, 598, 600, 603, 605, 618, 627, 628, 630, 631, 644, 645, 647, 652, 653, 656, 679, 681, 690, 691, 693, 694, 696, 697, 698, 699, 701, 708, 709, 711], "summary": {"covered_lines": 153, "num_statements": 214, "percent_covered": 71.49532710280374, "percent_covered_display": "71", "missing_lines": 61, "excluded_lines": 0, "percent_statements_covered": 71.49532710280374, "percent_statements_covered_display": "71"}, "missing_lines": [187, 232, 233, 276, 342, 343, 344, 376, 379, 388, 389, 394, 395, 397, 398, 399, 402, 403, 409, 411, 412, 414, 415, 418, 424, 429, 430, 433, 435, 436, 438, 439, 440, 466, 469, 483, 484, 493, 495, 496, 497, 499, 509, 510, 518, 522, 524, 532, 533, 535, 536, 537, 599, 601, 614, 615, 640, 641, 725, 726, 727], "excluded_lines": []}}}, "src/memorygraph/backends/__init__.py": {"executed_lines": [1, 8, 9, 18], "summary": {"covered_lines": 3, "num_statements": 3, "percent_covered": 100.0, "percent_covered_display": "100", "missing_lines": 0, "excluded_lines": 0, "percent_statements_covered": 100.0, "percent_statements_covered_display": "100"}, "missing_lines": [], "excluded_lines": [], "functions": {"": {"executed_lines": [1, 8, 9, 18], "summary": {"covered_lines": 3, "num_statements": 3, "percent_covered": 100.0, "percent_covered_display": "100", "missing_lines": 0, "excluded_lines": 0, "percent_statements_covered": 100.0, "percent_statements_covered_display": "100"}, "missing_lines": [], "excluded_lines": []}}, "classes": {"": {"executed_lines": [1, 8, 9, 18], "summary": {"covered_lines": 3, "num_statements": 3, "percent_covered": 100.0, "percent_covered_display": "100", "missing_lines": 0, "excluded_lines": 0, "percent_statements_covered": 100.0, "percent_statements_covered_display": "100"}, "missing_lines": [], "excluded_lines": []}}}, "src/memorygraph/backends/base.py": {"executed_lines": [1, 8, 9, 12, 13, 20, 21, 33, 34, 42, 43, 66, 67, 78, 79, 92, 93, 102, 103, 112, 113, 122, 124, 125, 127, 129, 130, 133, 153, 173], "summary": {"covered_lines": 12, "num_statements": 15, "percent_covered": 80.0, "percent_covered_display": "80", "missing_lines": 3, "excluded_lines": 94, "percent_statements_covered": 80.0, "percent_statements_covered_display": "80"}, "missing_lines": [151, 171, 179], "excluded_lines": [20, 21, 22, 23, 24, 25, 26, 27, 28, 29, 30, 31, 33, 34, 35, 36, 37, 38, 39, 40, 42, 43, 44, 45, 46, 47, 48, 49, 50, 51, 52, 53, 54, 55, 56, 57, 58, 59, 60, 61, 62, 63, 64, 66, 67, 68, 69, 70, 71, 72, 73, 74, 75, 76, 78, 79, 80, 81, 82, 83, 84, 85, 86, 87, 88, 89, 90, 92, 93, 94, 95, 96, 97, 98, 99, 100, 102, 103, 104, 105, 106, 107, 108, 109, 110, 112, 113, 114, 115, 116, 117, 118, 119, 120], "functions": {"GraphBackend.connect": {"executed_lines": [], "summary": {"covered_lines": 0, "num_statements": 0, "percent_covered": 100.0, "percent_covered_display": "100", "missing_lines": 0, "excluded_lines": 10, "percent_statements_covered": 100.0, "percent_statements_covered_display": "100"}, "missing_lines": [], "excluded_lines": [22, 23, 24, 25, 26, 27, 28, 29, 30, 31]}, "GraphBackend.disconnect": {"executed_lines": [], "summary": {"covered_lines": 0, "num_statements": 0, "percent_covered": 100.0, "percent_covered_display": "100", "missing_lines": 0, "excluded_lines": 6, "percent_statements_covered": 100.0, "percent_statements_covered_display": "100"}, "missing_lines": [], "excluded_lines": [35, 36, 37, 38, 39, 40]}, "GraphBackend.execute_query": {"executed_lines": [], "summary": {"covered_lines": 0, "num_statements": 0, "percent_covered": 100.0, "percent_covered_display": "100", "missing_lines": 0, "excluded_lines": 16, "percent_statements_covered": 100.0, "percent_statements_covered_display": "100"}, "missing_lines": [], "excluded_lines": [49, 50, 51, 52, 53, 54, 55, 56, 57, 58, 59, 60, 61, 62, 63, 64]}, "GraphBackend.initialize_schema": {"executed_lines": [], "summary": {"covered_lines": 0, "num_statements": 0, "percent_covered": 100.0, "percent_covered_display": "100", "missing_lines": 0, "excluded_lines": 9, "percent_statements_covered": 100.0, "percent_statements_covered_display": "100"}, "missing_lines": [], "excluded_lines": [68, 69, 70, 71, 72, 73, 74, 75, 76]}, "GraphBackend.health_check": {"executed_lines": [], "summary": {"covered_lines": 0, "num_statements": 0, "percent_covered": 100.0, "percent_covered_display": "100", "missing_lines": 0, "excluded_lines": 11, "percent_statements_covered": 100.0, "percent_statements_covered_display": "100"}, "missing_lines": [], "excluded_lines": [80, 81, 82, 83, 84, 85, 86, 87, 88, 89, 90]}, "GraphBackend.backend_name": {"executed_lines": [], "summary": {"covered_lines": 0, "num_statements": 0, "percent_covered": 100.0, "percent_covered_display": "100", "missing_lines": 0, "excluded_lines": 7, "percent_statements_covered": 100.0, "percent_statements_covered_display": "100"}, "missing_lines": [], "excluded_lines": [94, 95, 96, 97, 98, 99, 100]}, "GraphBackend.supports_fulltext_search": {"executed_lines": [], "summary": {"covered_lines": 0, "num_statements": 0, "percent_covered": 100.0, "percent_covered_display": "100", "missing_lines": 0, "excluded_lines": 7, "percent_statements_covered": 100.0, "percent_statements_covered_display": "100"}, "missing_lines": [], "excluded_lines": [104, 105, 106, 107, 108, 109, 110]}, "GraphBackend.supports_transactions": {"executed_lines": [], "summary": {"covered_lines": 0, "num_statements": 0, "percent_covered": 100.0, "percent_covered_display": "100", "missing_lines": 0, "excluded_lines": 7, "percent_statements_covered": 100.0, "percent_statements_covered_display": "100"}, "missing_lines": [], "excluded_lines": [114, 115, 116, 117, 118, 119, 120]}, "GraphBackend.__aenter__": {"executed_lines": [124, 125], "summary": {"covered_lines": 2, "num_statements": 2, "percent_covered": 100.0, "percent_covered_display": "100", "missing_lines": 0, "excluded_lines": 0, "percent_statements_covered": 100.0, "percent_statements_covered_display": "100"}, "missing_lines": [], "excluded_lines": []}, "GraphBackend.__aexit__": {"executed_lines": [129, 130], "summary": {"covered_lines": 2, "num_statements": 2, "percent_covered": 100.0, "percent_covered_display": "100", "missing_lines": 0, "excluded_lines": 0, "percent_statements_covered": 100.0, "percent_statements_covered_display": "100"}, "missing_lines": [], "excluded_lines": []}, "GraphBackend.execute_write_query": {"executed_lines": [], "summary": {"covered_lines": 0, "num_statements": 1, "percent_covered": 0.0, "percent_covered_display": "0", "missing_lines": 1, "excluded_lines": 0, "percent_statements_covered": 0.0, "percent_statements_covered_display": "0"}, "missing_lines": [151], "excluded_lines": []}, "GraphBackend.execute_read_query": {"executed_lines": [], "summary": {"covered_lines": 0, "num_statements": 1, "percent_covered": 0.0, "percent_covered_display": "0", "missing_lines": 1, "excluded_lines": 0, "percent_statements_covered": 0.0, "percent_statements_covered_display": "0"}, "missing_lines": [171], "excluded_lines": []}, "GraphBackend.close": {"executed_lines": [], "summary": {"covered_lines": 0, "num_statements": 1, "percent_covered": 0.0, "percent_covered_display": "0", "missing_lines": 1, "excluded_lines": 0, "percent_statements_covered": 0.0, "percent_statements_covered_display": "0"}, "missing_lines": [179], "excluded_lines": []}, "": {"executed_lines": [1, 8, 9, 12, 13, 20, 21, 33, 34, 42, 43, 66, 67, 78, 79, 92, 93, 102, 103, 112, 113, 122, 127, 133, 153, 173], "summary": {"covered_lines": 8, "num_statements": 8, "percent_covered": 100.0, "percent_covered_display": "100", "missing_lines": 0, "excluded_lines": 21, "percent_statements_covered": 100.0, "percent_statements_covered_display": "100"}, "missing_lines": [], "excluded_lines": [20, 21, 33, 34, 42, 43, 44, 45, 46, 47, 48, 66, 67, 78, 79, 92, 93, 102, 103, 112, 113]}}, "classes": {"GraphBackend": {"executed_lines": [124, 125, 129, 130], "summary": {"covered_lines": 4, "num_statements": 7, "percent_covered": 57.142857142857146, "percent_covered_display": "57", "missing_lines": 3, "excluded_lines": 73, "percent_statements_covered": 57.142857142857146, "percent_statements_covered_display": "57"}, "missing_lines": [151, 171, 179], "excluded_lines": [22, 23, 24, 25, 26, 27, 28, 29, 30, 31, 35, 36, 37, 38, 39, 40, 49, 50, 51, 52, 53, 54, 55, 56, 57, 58, 59, 60, 61, 62, 63, 64, 68, 69, 70, 71, 72, 73, 74, 75, 76, 80, 81, 82, 83, 84, 85, 86, 87, 88, 89, 90, 94, 95, 96, 97, 98, 99, 100, 104, 105, 106, 107, 108, 109, 110, 114, 115, 116, 117, 118, 119, 120]}, "": {"executed_lines": [1, 8, 9, 12, 13, 20, 21, 33, 34, 42, 43, 66, 67, 78, 79, 92, 93, 102, 103, 112, 113, 122, 127, 133, 153, 173], "summary": {"covered_lines": 8, "num_statements": 8, "percent_covered": 100.0, "percent_covered_display": "100", "missing_lines": 0, "excluded_lines": 21, "percent_statements_covered": 100.0, "percent_statements_covered_display": "100"}, "missing_lines": [], "excluded_lines": [20, 21, 33, 34, 42, 43, 44, 45, 46, 47, 48, 66, 67, 78, 79, 92, 93, 102, 103, 112, 113]}}}, "src/memorygraph/backends/factory.py": {"executed_lines": [1, 8, 9, 10, 12, 13, 15, 18, 19, 30, 31, 46, 48, 49, 50, 52, 53, 54, 56, 57, 58, 60, 61, 62, 65, 70, 71, 82, 83, 84, 85, 86, 87, 88, 89, 90, 93, 94, 95, 96, 97, 98, 99, 100, 101, 104, 105, 106, 107, 108, 109, 110, 111, 116, 117, 128, 130, 131, 132, 134, 135, 140, 141, 142, 144, 145, 156, 158, 159, 160, 162, 163, 164, 166, 167, 178, 180, 181, 182, 183, 185, 186, 193, 195, 196, 206, 207, 211, 212, 213, 214, 216], "summary": {"covered_lines": 90, "num_statements": 90, "percent_covered": 100.0, "percent_covered_display": "100", "missing_lines": 0, "excluded_lines": 0, "percent_statements_covered": 100.0, "percent_statements_covered_display": "100"}, "missing_lines": [], "excluded_lines": [], "functions": {"BackendFactory.create_backend": {"executed_lines": [46, 48, 49, 50, 52, 53, 54, 56, 57, 58, 60, 61, 62, 65], "summary": {"covered_lines": 14, "num_statements": 14, "percent_covered": 100.0, "percent_covered_display": "100", "missing_lines": 0, "excluded_lines": 0, "percent_statements_covered": 100.0, "percent_statements_covered_display": "100"}, "missing_lines": [], "excluded_lines": []}, "BackendFactory._auto_select_backend": {"executed_lines": [82, 83, 84, 85, 86, 87, 88, 89, 90, 93, 94, 95, 96, 97, 98, 99, 100, 101, 104, 105, 106, 107, 108, 109, 110, 111], "summary": {"covered_lines": 26, "num_statements": 26, "percent_covered": 100.0, "percent_covered_display": "100", "missing_lines": 0, "excluded_lines": 0, "percent_statements_covered": 100.0, "percent_statements_covered_display": "100"}, "missing_lines": [], "excluded_lines": []}, "BackendFactory._create_neo4j": {"executed_lines": [128, 130, 131, 132, 134, 135, 140, 141, 142], "summary": {"covered_lines": 9, "num_statements": 9, "percent_covered": 100.0, "percent_covered_display": "100", "missing_lines": 0, "excluded_lines": 0, "percent_statements_covered": 100.0, "percent_statements_covered_display": "100"}, "missing_lines": [], "excluded_lines": []}, "BackendFactory._create_memgraph": {"executed_lines": [156, 158, 159, 160, 162, 163, 164], "summary": {"covered_lines": 7, "num_statements": 7, "percent_covered": 100.0, "percent_covered_display": "100", "missing_lines": 0, "excluded_lines": 0, "percent_statements_covered": 100.0, "percent_statements_covered_display": "100"}, "missing_lines": [], "excluded_lines": []}, "BackendFactory._create_sqlite": {"executed_lines": [178, 180, 181, 182, 183], "summary": {"covered_lines": 5, "num_statements": 5, "percent_covered": 100.0, "percent_covered_display": "100", "missing_lines": 0, "excluded_lines": 0, "percent_statements_covered": 100.0, "percent_statements_covered_display": "100"}, "missing_lines": [], "excluded_lines": []}, "BackendFactory.get_configured_backend_type": {"executed_lines": [193], "summary": {"covered_lines": 1, "num_statements": 1, "percent_covered": 100.0, "percent_covered_display": "100", "missing_lines": 0, "excluded_lines": 0, "percent_statements_covered": 100.0, "percent_statements_covered_display": "100"}, "missing_lines": [], "excluded_lines": []}, "BackendFactory.is_backend_configured": {"executed_lines": [206, 207, 211, 212, 213, 214, 216], "summary": {"covered_lines": 7, "num_statements": 7, "percent_covered": 100.0, "percent_covered_display": "100", "missing_lines": 0, "excluded_lines": 0, "percent_statements_covered": 100.0, "percent_statements_covered_display": "100"}, "missing_lines": [], "excluded_lines": []}, "": {"executed_lines": [1, 8, 9, 10, 12, 13, 15, 18, 19, 30, 31, 70, 71, 116, 117, 144, 145, 166, 167, 185, 186, 195, 196], "summary": {"covered_lines": 21, "num_statements": 21, "percent_covered": 100.0, "percent_covered_display": "100", "missing_lines": 0, "excluded_lines": 0, "percent_statements_covered": 100.0, "percent_statements_covered_display": "100"}, "missing_lines": [], "excluded_lines": []}}, "classes": {"BackendFactory": {"executed_lines": [46, 48, 49, 50, 52, 53, 54, 56, 57, 58, 60, 61, 62, 65, 82, 83, 84, 85, 86, 87, 88, 89, 90, 93, 94, 95, 96, 97, 98, 99, 100, 101, 104, 105, 106, 107, 108, 109, 110, 111, 128, 130, 131, 132, 134, 135, 140, 141, 142, 156, 158, 159, 160, 162, 163, 164, 178, 180, 181, 182, 183, 193, 206, 207, 211, 212, 213, 214, 216], "summary": {"covered_lines": 69, "num_statements": 69, "percent_covered": 100.0, "percent_covered_display": "100", "missing_lines": 0, "excluded_lines": 0, "percent_statements_covered": 100.0, "percent_statements_covered_display": "100"}, "missing_lines": [], "excluded_lines": []}, "": {"executed_lines": [1, 8, 9, 10, 12, 13, 15, 18, 19, 30, 31, 70, 71, 116, 117, 144, 145, 166, 167, 185, 186, 195, 196], "summary": {"covered_lines": 21, "num_statements": 21, "percent_covered": 100.0, "percent_covered_display": "100", "missing_lines": 0, "excluded_lines": 0, "percent_statements_covered": 100.0, "percent_statements_covered_display": "100"}, "missing_lines": [], "excluded_lines": []}}}, "src/memorygraph/backends/memgraph_backend.py": {"executed_lines": [1, 9, 10, 11, 13, 14, 15, 17, 18, 20, 23, 24, 26, 46, 47, 48, 49, 50, 51, 53, 92, 100, 138, 139, 150, 151, 167, 193, 238, 271, 275, 285, 289, 290], "summary": {"covered_lines": 32, "num_statements": 113, "percent_covered": 28.31858407079646, "percent_covered_display": "28", "missing_lines": 81, "excluded_lines": 0, "percent_statements_covered": 28.31858407079646, "percent_statements_covered_display": "28"}, "missing_lines": [63, 66, 68, 77, 78, 79, 80, 82, 83, 84, 85, 86, 87, 88, 89, 90, 94, 95, 96, 97, 98, 120, 121, 123, 126, 128, 129, 132, 133, 134, 135, 136, 141, 142, 144, 145, 146, 148, 163, 164, 165, 185, 186, 187, 191, 200, 203, 209, 219, 220, 221, 222, 223, 225, 226, 228, 229, 230, 231, 232, 233, 234, 236, 245, 252, 253, 255, 256, 257, 258, 264, 265, 266, 267, 269, 273, 283, 287, 312, 313, 314], "excluded_lines": [], "functions": {"MemgraphBackend.__init__": {"executed_lines": [46, 47, 48, 49, 50, 51], "summary": {"covered_lines": 6, "num_statements": 6, "percent_covered": 100.0, "percent_covered_display": "100", "missing_lines": 0, "excluded_lines": 0, "percent_statements_covered": 100.0, "percent_statements_covered_display": "100"}, "missing_lines": [], "excluded_lines": []}, "MemgraphBackend.connect": {"executed_lines": [], "summary": {"covered_lines": 0, "num_statements": 16, "percent_covered": 0.0, "percent_covered_display": "0", "missing_lines": 16, "excluded_lines": 0, "percent_statements_covered": 0.0, "percent_statements_covered_display": "0"}, "missing_lines": [63, 66, 68, 77, 78, 79, 80, 82, 83, 84, 85, 86, 87, 88, 89, 90], "excluded_lines": []}, "MemgraphBackend.disconnect": {"executed_lines": [], "summary": {"covered_lines": 0, "num_statements": 5, "percent_covered": 0.0, "percent_covered_display": "0", "missing_lines": 5, "excluded_lines": 0, "percent_statements_covered": 0.0, "percent_statements_covered_display": "0"}, "missing_lines": [94, 95, 96, 97, 98], "excluded_lines": []}, "MemgraphBackend.execute_query": {"executed_lines": [], "summary": {"covered_lines": 0, "num_statements": 11, "percent_covered": 0.0, "percent_covered_display": "0", "missing_lines": 11, "excluded_lines": 0, "percent_statements_covered": 0.0, "percent_statements_covered_display": "0"}, "missing_lines": [120, 121, 123, 126, 128, 129, 132, 133, 134, 135, 136], "excluded_lines": []}, "MemgraphBackend._session": {"executed_lines": [], "summary": {"covered_lines": 0, "num_statements": 6, "percent_covered": 0.0, "percent_covered_display": "0", "missing_lines": 6, "excluded_lines": 0, "percent_statements_covered": 0.0, "percent_statements_covered_display": "0"}, "missing_lines": [141, 142, 144, 145, 146, 148], "excluded_lines": []}, "MemgraphBackend._run_query_async": {"executed_lines": [], "summary": {"covered_lines": 0, "num_statements": 3, "percent_covered": 0.0, "percent_covered_display": "0", "missing_lines": 3, "excluded_lines": 0, "percent_statements_covered": 0.0, "percent_statements_covered_display": "0"}, "missing_lines": [163, 164, 165], "excluded_lines": []}, "MemgraphBackend._adapt_cypher": {"executed_lines": [], "summary": {"covered_lines": 0, "num_statements": 4, "percent_covered": 0.0, "percent_covered_display": "0", "missing_lines": 4, "excluded_lines": 0, "percent_statements_covered": 0.0, "percent_statements_covered_display": "0"}, "missing_lines": [185, 186, 187, 191], "excluded_lines": []}, "MemgraphBackend.initialize_schema": {"executed_lines": [], "summary": {"covered_lines": 0, "num_statements": 18, "percent_covered": 0.0, "percent_covered_display": "0", "missing_lines": 18, "excluded_lines": 0, "percent_statements_covered": 0.0, "percent_statements_covered_display": "0"}, "missing_lines": [200, 203, 209, 219, 220, 221, 222, 223, 225, 226, 228, 229, 230, 231, 232, 233, 234, 236], "excluded_lines": []}, "MemgraphBackend.health_check": {"executed_lines": [], "summary": {"covered_lines": 0, "num_statements": 12, "percent_covered": 0.0, "percent_covered_display": "0", "missing_lines": 12, "excluded_lines": 0, "percent_statements_covered": 0.0, "percent_statements_covered_display": "0"}, "missing_lines": [245, 252, 253, 255, 256, 257, 258, 264, 265, 266, 267, 269], "excluded_lines": []}, "MemgraphBackend.backend_name": {"executed_lines": [], "summary": {"covered_lines": 0, "num_statements": 1, "percent_covered": 0.0, "percent_covered_display": "0", "missing_lines": 1, "excluded_lines": 0, "percent_statements_covered": 0.0, "percent_statements_covered_display": "0"}, "missing_lines": [273], "excluded_lines": []}, "MemgraphBackend.supports_fulltext_search": {"executed_lines": [], "summary": {"covered_lines": 0, "num_statements": 1, "percent_covered": 0.0, "percent_covered_display": "0", "missing_lines": 1, "excluded_lines": 0, "percent_statements_covered": 0.0, "percent_statements_covered_display": "0"}, "missing_lines": [283], "excluded_lines": []}, "MemgraphBackend.supports_transactions": {"executed_lines": [], "summary": {"covered_lines": 0, "num_statements": 1, "percent_covered": 0.0, "percent_covered_display": "0", "missing_lines": 1, "excluded_lines": 0, "percent_statements_covered": 0.0, "percent_statements_covered_display": "0"}, "missing_lines": [287], "excluded_lines": []}, "MemgraphBackend.create": {"executed_lines": [], "summary": {"covered_lines": 0, "num_statements": 3, "percent_covered": 0.0, "percent_covered_display": "0", "missing_lines": 3, "excluded_lines": 0, "percent_statements_covered": 0.0, "percent_statements_covered_display": "0"}, "missing_lines": [312, 313, 314], "excluded_lines": []}, "": {"executed_lines": [1, 9, 10, 11, 13, 14, 15, 17, 18, 20, 23, 24, 26, 53, 92, 100, 138, 139, 150, 151, 167, 193, 238, 271, 275, 285, 289, 290], "summary": {"covered_lines": 26, "num_statements": 26, "percent_covered": 100.0, "percent_covered_display": "100", "missing_lines": 0, "excluded_lines": 0, "percent_statements_covered": 100.0, "percent_statements_covered_display": "100"}, "missing_lines": [], "excluded_lines": []}}, "classes": {"MemgraphBackend": {"executed_lines": [46, 47, 48, 49, 50, 51], "summary": {"covered_lines": 6, "num_statements": 87, "percent_covered": 6.896551724137931, "percent_covered_display": "7", "missing_lines": 81, "excluded_lines": 0, "percent_statements_covered": 6.896551724137931, "percent_statements_covered_display": "7"}, "missing_lines": [63, 66, 68, 77, 78, 79, 80, 82, 83, 84, 85, 86, 87, 88, 89, 90, 94, 95, 96, 97, 98, 120, 121, 123, 126, 128, 129, 132, 133, 134, 135, 136, 141, 142, 144, 145, 146, 148, 163, 164, 165, 185, 186, 187, 191, 200, 203, 209, 219, 220, 221, 222, 223, 225, 226, 228, 229, 230, 231, 232, 233, 234, 236, 245, 252, 253, 255, 256, 257, 258, 264, 265, 266, 267, 269, 273, 283, 287, 312, 313, 314], "excluded_lines": []}, "": {"executed_lines": [1, 9, 10, 11, 13, 14, 15, 17, 18, 20, 23, 24, 26, 53, 92, 100, 138, 139, 150, 151, 167, 193, 238, 271, 275, 285, 289, 290], "summary": {"covered_lines": 26, "num_statements": 26, "percent_covered": 100.0, "percent_covered_display": "100", "missing_lines": 0, "excluded_lines": 0, "percent_statements_covered": 100.0, "percent_statements_covered_display": "100"}, "missing_lines": [], "excluded_lines": []}}}, "src/memorygraph/backends/neo4j_backend.py": {"executed_lines": [1, 8, 9, 10, 12, 13, 14, 16, 17, 19, 22, 23, 25, 44, 45, 46, 47, 48, 49, 51, 52, 56, 66, 67, 76, 77, 78, 79, 81, 82, 83, 84, 85, 86, 91, 93, 94, 95, 96, 97, 99, 119, 120, 122, 124, 125, 126, 127, 129, 130, 135, 136, 147, 148, 164, 171, 174, 180, 191, 192, 193, 194, 199, 200, 201, 202, 207, 209, 216, 223, 224, 226, 230, 231, 232, 233, 236, 237, 238, 239, 246, 248, 250, 252, 254, 256, 258, 260, 261, 283, 284, 285], "summary": {"covered_lines": 90, "num_statements": 114, "percent_covered": 78.94736842105263, "percent_covered_display": "79", "missing_lines": 24, "excluded_lines": 0, "percent_statements_covered": 78.94736842105263, "percent_statements_covered_display": "79"}, "missing_lines": [87, 88, 89, 131, 132, 133, 138, 139, 141, 142, 143, 145, 160, 161, 162, 195, 196, 197, 203, 204, 205, 242, 243, 244], "excluded_lines": [], "functions": {"Neo4jBackend.__init__": {"executed_lines": [44, 45, 46, 47, 48, 49, 51, 52], "summary": {"covered_lines": 8, "num_statements": 8, "percent_covered": 100.0, "percent_covered_display": "100", "missing_lines": 0, "excluded_lines": 0, "percent_statements_covered": 100.0, "percent_statements_covered_display": "100"}, "missing_lines": [], "excluded_lines": []}, "Neo4jBackend.connect": {"executed_lines": [66, 67, 76, 77, 78, 79, 81, 82, 83, 84, 85, 86], "summary": {"covered_lines": 12, "num_statements": 15, "percent_covered": 80.0, "percent_covered_display": "80", "missing_lines": 3, "excluded_lines": 0, "percent_statements_covered": 80.0, "percent_statements_covered_display": "80"}, "missing_lines": [87, 88, 89], "excluded_lines": []}, "Neo4jBackend.disconnect": {"executed_lines": [93, 94, 95, 96, 97], "summary": {"covered_lines": 5, "num_statements": 5, "percent_covered": 100.0, "percent_covered_display": "100", "missing_lines": 0, "excluded_lines": 0, "percent_statements_covered": 100.0, "percent_statements_covered_display": "100"}, "missing_lines": [], "excluded_lines": []}, "Neo4jBackend.execute_query": {"executed_lines": [119, 120, 122, 124, 125, 126, 127, 129, 130], "summary": {"covered_lines": 9, "num_statements": 12, "percent_covered": 75.0, "percent_covered_display": "75", "missing_lines": 3, "excluded_lines": 0, "percent_statements_covered": 75.0, "percent_statements_covered_display": "75"}, "missing_lines": [131, 132, 133], "excluded_lines": []}, "Neo4jBackend._session": {"executed_lines": [], "summary": {"covered_lines": 0, "num_statements": 6, "percent_covered": 0.0, "percent_covered_display": "0", "missing_lines": 6, "excluded_lines": 0, "percent_statements_covered": 0.0, "percent_statements_covered_display": "0"}, "missing_lines": [138, 139, 141, 142, 143, 145], "excluded_lines": []}, "Neo4jBackend._run_query_async": {"executed_lines": [], "summary": {"covered_lines": 0, "num_statements": 3, "percent_covered": 0.0, "percent_covered_display": "0", "missing_lines": 3, "excluded_lines": 0, "percent_statements_covered": 0.0, "percent_statements_covered_display": "0"}, "missing_lines": [160, 161, 162], "excluded_lines": []}, "Neo4jBackend.initialize_schema": {"executed_lines": [171, 174, 180, 191, 192, 193, 194, 199, 200, 201, 202, 207], "summary": {"covered_lines": 12, "num_statements": 18, "percent_covered": 66.66666666666667, "percent_covered_display": "67", "missing_lines": 6, "excluded_lines": 0, "percent_statements_covered": 66.66666666666667, "percent_statements_covered_display": "67"}, "missing_lines": [195, 196, 197, 203, 204, 205], "excluded_lines": []}, "Neo4jBackend.health_check": {"executed_lines": [216, 223, 224, 226, 230, 231, 232, 233, 236, 237, 238, 239, 246], "summary": {"covered_lines": 13, "num_statements": 16, "percent_covered": 81.25, "percent_covered_display": "81", "missing_lines": 3, "excluded_lines": 0, "percent_statements_covered": 81.25, "percent_statements_covered_display": "81"}, "missing_lines": [242, 243, 244], "excluded_lines": []}, "Neo4jBackend.backend_name": {"executed_lines": [250], "summary": {"covered_lines": 1, "num_statements": 1, "percent_covered": 100.0, "percent_covered_display": "100", "missing_lines": 0, "excluded_lines": 0, "percent_statements_covered": 100.0, "percent_statements_covered_display": "100"}, "missing_lines": [], "excluded_lines": []}, "Neo4jBackend.supports_fulltext_search": {"executed_lines": [254], "summary": {"covered_lines": 1, "num_statements": 1, "percent_covered": 100.0, "percent_covered_display": "100", "missing_lines": 0, "excluded_lines": 0, "percent_statements_covered": 100.0, "percent_statements_covered_display": "100"}, "missing_lines": [], "excluded_lines": []}, "Neo4jBackend.supports_transactions": {"executed_lines": [258], "summary": {"covered_lines": 1, "num_statements": 1, "percent_covered": 100.0, "percent_covered_display": "100", "missing_lines": 0, "excluded_lines": 0, "percent_statements_covered": 100.0, "percent_statements_covered_display": "100"}, "missing_lines": [], "excluded_lines": []}, "Neo4jBackend.create": {"executed_lines": [283, 284, 285], "summary": {"covered_lines": 3, "num_statements": 3, "percent_covered": 100.0, "percent_covered_display": "100", "missing_lines": 0, "excluded_lines": 0, "percent_statements_covered": 100.0, "percent_statements_covered_display": "100"}, "missing_lines": [], "excluded_lines": []}, "": {"executed_lines": [1, 8, 9, 10, 12, 13, 14, 16, 17, 19, 22, 23, 25, 56, 91, 99, 135, 136, 147, 148, 164, 209, 248, 252, 256, 260, 261], "summary": {"covered_lines": 25, "num_statements": 25, "percent_covered": 100.0, "percent_covered_display": "100", "missing_lines": 0, "excluded_lines": 0, "percent_statements_covered": 100.0, "percent_statements_covered_display": "100"}, "missing_lines": [], "excluded_lines": []}}, "classes": {"Neo4jBackend": {"executed_lines": [44, 45, 46, 47, 48, 49, 51, 52, 66, 67, 76, 77, 78, 79, 81, 82, 83, 84, 85, 86, 93, 94, 95, 96, 97, 119, 120, 122, 124, 125, 126, 127, 129, 130, 171, 174, 180, 191, 192, 193, 194, 199, 200, 201, 202, 207, 216, 223, 224, 226, 230, 231, 232, 233, 236, 237, 238, 239, 246, 250, 254, 258, 283, 284, 285], "summary": {"covered_lines": 65, "num_statements": 89, "percent_covered": 73.03370786516854, "percent_covered_display": "73", "missing_lines": 24, "excluded_lines": 0, "percent_statements_covered": 73.03370786516854, "percent_statements_covered_display": "73"}, "missing_lines": [87, 88, 89, 131, 132, 133, 138, 139, 141, 142, 143, 145, 160, 161, 162, 195, 196, 197, 203, 204, 205, 242, 243, 244], "excluded_lines": []}, "": {"executed_lines": [1, 8, 9, 10, 12, 13, 14, 16, 17, 19, 22, 23, 25, 56, 91, 99, 135, 136, 147, 148, 164, 209, 248, 252, 256, 260, 261], "summary": {"covered_lines": 25, "num_statements": 25, "percent_covered": 100.0, "percent_covered_display": "100", "missing_lines": 0, "excluded_lines": 0, "percent_statements_covered": 100.0, "percent_statements_covered_display": "100"}, "missing_lines": [], "excluded_lines": []}}}, "src/memorygraph/backends/sqlite_fallback.py": {"executed_lines": [1, 9, 10, 11, 12, 13, 14, 15, 17, 18, 22, 23, 25, 28, 29, 31, 44, 45, 50, 51, 52, 53, 54, 57, 59, 69, 70, 71, 72, 73, 76, 78, 79, 85, 87, 89, 90, 91, 92, 93, 94, 96, 121, 122, 124, 127, 128, 129, 131, 137, 138, 140, 147, 149, 150, 152, 154, 156, 167, 181, 182, 183, 184, 185, 188, 189, 199, 203, 204, 210, 212, 213, 237, 239, 240, 246, 253, 259, 260, 261, 262, 263, 265, 270, 271, 274, 275, 281, 283, 285, 287, 294, 295, 297, 298, 299, 300, 304, 306, 308, 309, 322, 323, 324, 328, 339, 340, 342, 343, 344, 349, 350, 351, 352, 354, 356, 358, 359, 361, 363, 364], "summary": {"covered_lines": 119, "num_statements": 154, "percent_covered": 77.27272727272727, "percent_covered_display": "77", "missing_lines": 35, "excluded_lines": 1, "percent_statements_covered": 77.27272727272727, "percent_statements_covered_display": "77"}, "missing_lines": [19, 20, 81, 82, 83, 132, 133, 200, 201, 206, 207, 208, 215, 218, 219, 220, 221, 222, 223, 226, 227, 228, 229, 230, 231, 232, 233, 235, 244, 277, 278, 279, 301, 302, 346], "excluded_lines": [102], "functions": {"SQLiteFallbackBackend.__init__": {"executed_lines": [44, 45, 50, 51, 52, 53, 54, 57], "summary": {"covered_lines": 8, "num_statements": 8, "percent_covered": 100.0, "percent_covered_display": "100", "missing_lines": 0, "excluded_lines": 0, "percent_statements_covered": 100.0, "percent_statements_covered_display": "100"}, "missing_lines": [], "excluded_lines": []}, "SQLiteFallbackBackend.connect": {"executed_lines": [69, 70, 71, 72, 73, 76, 78, 79], "summary": {"covered_lines": 8, "num_statements": 11, "percent_covered": 72.72727272727273, "percent_covered_display": "73", "missing_lines": 3, "excluded_lines": 0, "percent_statements_covered": 72.72727272727273, "percent_statements_covered_display": "73"}, "missing_lines": [81, 82, 83], "excluded_lines": []}, "SQLiteFallbackBackend.disconnect": {"executed_lines": [87, 89, 90, 91, 92, 93, 94], "summary": {"covered_lines": 7, "num_statements": 7, "percent_covered": 100.0, "percent_covered_display": "100", "missing_lines": 0, "excluded_lines": 0, "percent_statements_covered": 100.0, "percent_statements_covered_display": "100"}, "missing_lines": [], "excluded_lines": []}, "SQLiteFallbackBackend.execute_query": {"executed_lines": [121, 122, 124, 127, 128, 129, 131, 137, 138], "summary": {"covered_lines": 9, "num_statements": 11, "percent_covered": 81.81818181818181, "percent_covered_display": "82", "missing_lines": 2, "excluded_lines": 1, "percent_statements_covered": 81.81818181818181, "percent_statements_covered_display": "82"}, "missing_lines": [132, 133], "excluded_lines": [102]}, "SQLiteFallbackBackend.initialize_schema": {"executed_lines": [147, 149, 150, 152, 154, 156, 167, 181, 182, 183, 184, 185, 188, 189, 199, 203, 204], "summary": {"covered_lines": 17, "num_statements": 22, "percent_covered": 77.27272727272727, "percent_covered_display": "77", "missing_lines": 5, "excluded_lines": 0, "percent_statements_covered": 77.27272727272727, "percent_statements_covered_display": "77"}, "missing_lines": [200, 201, 206, 207, 208], "excluded_lines": []}, "SQLiteFallbackBackend._load_graph_to_memory": {"executed_lines": [212, 213], "summary": {"covered_lines": 2, "num_statements": 18, "percent_covered": 11.11111111111111, "percent_covered_display": "11", "missing_lines": 16, "excluded_lines": 0, "percent_statements_covered": 11.11111111111111, "percent_statements_covered_display": "11"}, "missing_lines": [215, 218, 219, 220, 221, 222, 223, 226, 227, 228, 229, 230, 231, 232, 233, 235], "excluded_lines": []}, "SQLiteFallbackBackend._sync_to_sqlite": {"executed_lines": [239, 240], "summary": {"covered_lines": 2, "num_statements": 3, "percent_covered": 66.66666666666667, "percent_covered_display": "67", "missing_lines": 1, "excluded_lines": 0, "percent_statements_covered": 66.66666666666667, "percent_statements_covered_display": "67"}, "missing_lines": [244], "excluded_lines": []}, "SQLiteFallbackBackend.health_check": {"executed_lines": [253, 259, 260, 261, 262, 263, 265, 270, 271, 274, 275, 281], "summary": {"covered_lines": 12, "num_statements": 15, "percent_covered": 80.0, "percent_covered_display": "80", "missing_lines": 3, "excluded_lines": 0, "percent_statements_covered": 80.0, "percent_statements_covered_display": "80"}, "missing_lines": [277, 278, 279], "excluded_lines": []}, "SQLiteFallbackBackend.backend_name": {"executed_lines": [285], "summary": {"covered_lines": 1, "num_statements": 1, "percent_covered": 100.0, "percent_covered_display": "100", "missing_lines": 0, "excluded_lines": 0, "percent_statements_covered": 100.0, "percent_statements_covered_display": "100"}, "missing_lines": [], "excluded_lines": []}, "SQLiteFallbackBackend.supports_fulltext_search": {"executed_lines": [294, 295, 297, 298, 299, 300], "summary": {"covered_lines": 6, "num_statements": 8, "percent_covered": 75.0, "percent_covered_display": "75", "missing_lines": 2, "excluded_lines": 0, "percent_statements_covered": 75.0, "percent_statements_covered_display": "75"}, "missing_lines": [301, 302], "excluded_lines": []}, "SQLiteFallbackBackend.supports_transactions": {"executed_lines": [306], "summary": {"covered_lines": 1, "num_statements": 1, "percent_covered": 100.0, "percent_covered_display": "100", "missing_lines": 0, "excluded_lines": 0, "percent_statements_covered": 100.0, "percent_statements_covered_display": "100"}, "missing_lines": [], "excluded_lines": []}, "SQLiteFallbackBackend.create": {"executed_lines": [322, 323, 324], "summary": {"covered_lines": 3, "num_statements": 3, "percent_covered": 100.0, "percent_covered_display": "100", "missing_lines": 0, "excluded_lines": 0, "percent_statements_covered": 100.0, "percent_statements_covered_display": "100"}, "missing_lines": [], "excluded_lines": []}, "SQLiteFallbackBackend.execute_sync": {"executed_lines": [339, 340, 342, 343, 344, 349, 350, 351, 352, 354], "summary": {"covered_lines": 10, "num_statements": 11, "percent_covered": 90.9090909090909, "percent_covered_display": "91", "missing_lines": 1, "excluded_lines": 0, "percent_statements_covered": 90.9090909090909, "percent_statements_covered_display": "91"}, "missing_lines": [346], "excluded_lines": []}, "SQLiteFallbackBackend.commit": {"executed_lines": [358, 359], "summary": {"covered_lines": 2, "num_statements": 2, "percent_covered": 100.0, "percent_covered_display": "100", "missing_lines": 0, "excluded_lines": 0, "percent_statements_covered": 100.0, "percent_statements_covered_display": "100"}, "missing_lines": [], "excluded_lines": []}, "SQLiteFallbackBackend.rollback": {"executed_lines": [363, 364], "summary": {"covered_lines": 2, "num_statements": 2, "percent_covered": 100.0, "percent_covered_display": "100", "missing_lines": 0, "excluded_lines": 0, "percent_statements_covered": 100.0, "percent_statements_covered_display": "100"}, "missing_lines": [], "excluded_lines": []}, "": {"executed_lines": [1, 9, 10, 11, 12, 13, 14, 15, 17, 18, 22, 23, 25, 28, 29, 31, 59, 85, 96, 140, 210, 237, 246, 283, 287, 304, 308, 309, 328, 356, 361], "summary": {"covered_lines": 29, "num_statements": 31, "percent_covered": 93.54838709677419, "percent_covered_display": "94", "missing_lines": 2, "excluded_lines": 0, "percent_statements_covered": 93.54838709677419, "percent_statements_covered_display": "94"}, "missing_lines": [19, 20], "excluded_lines": []}}, "classes": {"SQLiteFallbackBackend": {"executed_lines": [44, 45, 50, 51, 52, 53, 54, 57, 69, 70, 71, 72, 73, 76, 78, 79, 87, 89, 90, 91, 92, 93, 94, 121, 122, 124, 127, 128, 129, 131, 137, 138, 147, 149, 150, 152, 154, 156, 167, 181, 182, 183, 184, 185, 188, 189, 199, 203, 204, 212, 213, 239, 240, 253, 259, 260, 261, 262, 263, 265, 270, 271, 274, 275, 281, 285, 294, 295, 297, 298, 299, 300, 306, 322, 323, 324, 339, 340, 342, 343, 344, 349, 350, 351, 352, 354, 358, 359, 363, 364], "summary": {"covered_lines": 90, "num_statements": 123, "percent_covered": 73.17073170731707, "percent_covered_display": "73", "missing_lines": 33, "excluded_lines": 1, "percent_statements_covered": 73.17073170731707, "percent_statements_covered_display": "73"}, "missing_lines": [81, 82, 83, 132, 133, 200, 201, 206, 207, 208, 215, 218, 219, 220, 221, 222, 223, 226, 227, 228, 229, 230, 231, 232, 233, 235, 244, 277, 278, 279, 301, 302, 346], "excluded_lines": [102]}, "": {"executed_lines": [1, 9, 10, 11, 12, 13, 14, 15, 17, 18, 22, 23, 25, 28, 29, 31, 59, 85, 96, 140, 210, 237, 246, 283, 287, 304, 308, 309, 328, 356, 361], "summary": {"covered_lines": 29, "num_statements": 31, "percent_covered": 93.54838709677419, "percent_covered_display": "94", "missing_lines": 2, "excluded_lines": 0, "percent_statements_covered": 93.54838709677419, "percent_statements_covered_display": "94"}, "missing_lines": [19, 20], "excluded_lines": []}}}, "src/memorygraph/cli.py": {"executed_lines": [1, 7, 8, 9, 10, 11, 12, 14, 15, 16, 18, 21, 23, 25, 26, 27, 28, 30, 35, 38, 39, 41, 44, 46, 47, 48, 49, 50, 53, 55, 56, 57, 58, 59, 62, 64, 97, 103, 110, 117, 124, 130, 136, 139, 140, 141, 143, 144, 145, 147, 148, 151, 157, 158, 159, 160, 162, 163, 164, 166, 167, 168, 171, 172, 173, 174, 175, 177, 178, 179, 180, 181, 182, 183, 184, 185, 188], "summary": {"covered_lines": 75, "num_statements": 79, "percent_covered": 94.9367088607595, "percent_covered_display": "95", "missing_lines": 4, "excluded_lines": 2, "percent_statements_covered": 94.9367088607595, "percent_statements_covered_display": "95"}, "missing_lines": [31, 32, 33, 36], "excluded_lines": [188, 189], "functions": {"print_config_summary": {"executed_lines": [23, 25, 26, 27, 28, 30, 35, 38, 39, 41], "summary": {"covered_lines": 10, "num_statements": 14, "percent_covered": 71.42857142857143, "percent_covered_display": "71", "missing_lines": 4, "excluded_lines": 0, "percent_statements_covered": 71.42857142857143, "percent_statements_covered_display": "71"}, "missing_lines": [31, 32, 33, 36], "excluded_lines": []}, "validate_backend": {"executed_lines": [46, 47, 48, 49, 50], "summary": {"covered_lines": 5, "num_statements": 5, "percent_covered": 100.0, "percent_covered_display": "100", "missing_lines": 0, "excluded_lines": 0, "percent_statements_covered": 100.0, "percent_statements_covered_display": "100"}, "missing_lines": [], "excluded_lines": []}, "validate_profile": {"executed_lines": [55, 56, 57, 58, 59], "summary": {"covered_lines": 5, "num_statements": 5, "percent_covered": 100.0, "percent_covered_display": "100", "missing_lines": 0, "excluded_lines": 0, "percent_statements_covered": 100.0, "percent_statements_covered_display": "100"}, "missing_lines": [], "excluded_lines": []}, "main": {"executed_lines": [64, 97, 103, 110, 117, 124, 130, 136, 139, 140, 141, 143, 144, 145, 147, 148, 151, 157, 158, 159, 160, 162, 163, 164, 166, 167, 168, 171, 172, 173, 174, 175, 177, 178, 179, 180, 181, 182, 183, 184, 185], "summary": {"covered_lines": 41, "num_statements": 41, "percent_covered": 100.0, "percent_covered_display": "100", "missing_lines": 0, "excluded_lines": 0, "percent_statements_covered": 100.0, "percent_statements_covered_display": "100"}, "missing_lines": [], "excluded_lines": []}, "": {"executed_lines": [1, 7, 8, 9, 10, 11, 12, 14, 15, 16, 18, 21, 44, 53, 62, 188], "summary": {"covered_lines": 14, "num_statements": 14, "percent_covered": 100.0, "percent_covered_display": "100", "missing_lines": 0, "excluded_lines": 2, "percent_statements_covered": 100.0, "percent_statements_covered_display": "100"}, "missing_lines": [], "excluded_lines": [188, 189]}}, "classes": {"": {"executed_lines": [1, 7, 8, 9, 10, 11, 12, 14, 15, 16, 18, 21, 23, 25, 26, 27, 28, 30, 35, 38, 39, 41, 44, 46, 47, 48, 49, 50, 53, 55, 56, 57, 58, 59, 62, 64, 97, 103, 110, 117, 124, 130, 136, 139, 140, 141, 143, 144, 145, 147, 148, 151, 157, 158, 159, 160, 162, 163, 164, 166, 167, 168, 171, 172, 173, 174, 175, 177, 178, 179, 180, 181, 182, 183, 184, 185, 188], "summary": {"covered_lines": 75, "num_statements": 79, "percent_covered": 94.9367088607595, "percent_covered_display": "95", "missing_lines": 4, "excluded_lines": 2, "percent_statements_covered": 94.9367088607595, "percent_statements_covered_display": "95"}, "missing_lines": [31, 32, 33, 36], "excluded_lines": [188, 189]}}}, "src/memorygraph/config.py": {"executed_lines": [1, 8, 9, 10, 13, 14, 15, 16, 17, 18, 22, 58, 59, 86, 89, 90, 91, 92, 95, 96, 97, 100, 103, 106, 109, 110, 111, 112, 114, 115, 128, 129, 133, 134, 138, 139, 146, 147, 149, 150, 157, 186], "summary": {"covered_lines": 39, "num_statements": 47, "percent_covered": 82.97872340425532, "percent_covered_display": "83", "missing_lines": 8, "excluded_lines": 0, "percent_statements_covered": 82.97872340425532, "percent_statements_covered_display": "83"}, "missing_lines": [122, 123, 124, 125, 126, 131, 136, 193], "excluded_lines": [], "functions": {"Config.get_backend_type": {"executed_lines": [], "summary": {"covered_lines": 0, "num_statements": 5, "percent_covered": 0.0, "percent_covered_display": "0", "missing_lines": 5, "excluded_lines": 0, "percent_statements_covered": 0.0, "percent_statements_covered_display": "0"}, "missing_lines": [122, 123, 124, 125, 126], "excluded_lines": []}, "Config.is_neo4j_configured": {"executed_lines": [], "summary": {"covered_lines": 0, "num_statements": 1, "percent_covered": 0.0, "percent_covered_display": "0", "missing_lines": 1, "excluded_lines": 0, "percent_statements_covered": 0.0, "percent_statements_covered_display": "0"}, "missing_lines": [131], "excluded_lines": []}, "Config.is_memgraph_configured": {"executed_lines": [], "summary": {"covered_lines": 0, "num_statements": 1, "percent_covered": 0.0, "percent_covered_display": "0", "missing_lines": 1, "excluded_lines": 0, "percent_statements_covered": 0.0, "percent_statements_covered_display": "0"}, "missing_lines": [136], "excluded_lines": []}, "Config.get_enabled_tools": {"executed_lines": [146, 147], "summary": {"covered_lines": 2, "num_statements": 2, "percent_covered": 100.0, "percent_covered_display": "100", "missing_lines": 0, "excluded_lines": 0, "percent_statements_covered": 100.0, "percent_statements_covered_display": "100"}, "missing_lines": [], "excluded_lines": []}, "Config.get_config_summary": {"executed_lines": [157], "summary": {"covered_lines": 1, "num_statements": 1, "percent_covered": 100.0, "percent_covered_display": "100", "missing_lines": 0, "excluded_lines": 0, "percent_statements_covered": 100.0, "percent_statements_covered_display": "100"}, "missing_lines": [], "excluded_lines": []}, "get_config": {"executed_lines": [], "summary": {"covered_lines": 0, "num_statements": 1, "percent_covered": 0.0, "percent_covered_display": "0", "missing_lines": 1, "excluded_lines": 0, "percent_statements_covered": 0.0, "percent_statements_covered_display": "0"}, "missing_lines": [193], "excluded_lines": []}, "": {"executed_lines": [1, 8, 9, 10, 13, 14, 15, 16, 17, 18, 22, 58, 59, 86, 89, 90, 91, 92, 95, 96, 97, 100, 103, 106, 109, 110, 111, 112, 114, 115, 128, 129, 133, 134, 138, 139, 149, 150, 186], "summary": {"covered_lines": 36, "num_statements": 36, "percent_covered": 100.0, "percent_covered_display": "100", "missing_lines": 0, "excluded_lines": 0, "percent_statements_covered": 100.0, "percent_statements_covered_display": "100"}, "missing_lines": [], "excluded_lines": []}}, "classes": {"BackendType": {"executed_lines": [], "summary": {"covered_lines": 0, "num_statements": 0, "percent_covered": 100.0, "percent_covered_display": "100", "missing_lines": 0, "excluded_lines": 0, "percent_statements_covered": 100.0, "percent_statements_covered_display": "100"}, "missing_lines": [], "excluded_lines": []}, "Config": {"executed_lines": [146, 147, 157], "summary": {"covered_lines": 3, "num_statements": 10, "percent_covered": 30.0, "percent_covered_display": "30", "missing_lines": 7, "excluded_lines": 0, "percent_statements_covered": 30.0, "percent_statements_covered_display": "30"}, "missing_lines": [122, 123, 124, 125, 126, 131, 136], "excluded_lines": []}, "": {"executed_lines": [1, 8, 9, 10, 13, 14, 15, 16, 17, 18, 22, 58, 59, 86, 89, 90, 91, 92, 95, 96, 97, 100, 103, 106, 109, 110, 111, 112, 114, 115, 128, 129, 133, 134, 138, 139, 149, 150, 186], "summary": {"covered_lines": 36, "num_statements": 37, "percent_covered": 97.29729729729729, "percent_covered_display": "97", "missing_lines": 1, "excluded_lines": 0, "percent_statements_covered": 97.29729729729729, "percent_statements_covered_display": "97"}, "missing_lines": [193], "excluded_lines": []}}}, "src/memorygraph/database.py": {"executed_lines": [1, 8, 9, 10, 11, 12, 13, 17, 20, 28, 31, 32, 34, 52, 53, 54, 55, 56, 58, 59, 63, 70, 71, 72, 73, 74, 79, 80, 89, 90, 92, 93, 94, 95, 96, 97, 98, 99, 100, 102, 104, 105, 106, 107, 109, 110, 116, 117, 119, 120, 121, 123, 125, 145, 146, 151, 152, 153, 156, 157, 158, 159, 161, 181, 182, 187, 188, 189, 192, 193, 194, 195, 197, 198, 209, 210, 211, 214, 215, 217, 225, 227, 233, 236, 242, 253, 254, 255, 256, 257, 258, 259, 261, 262, 263, 264, 265, 266, 269, 271, 284, 285, 286, 288, 291, 292, 294, 300, 305, 306, 307, 309, 311, 312, 313, 314, 315, 317, 330, 331, 336, 338, 339, 341, 342, 350, 362, 363, 364, 367, 368, 369, 371, 372, 373, 375, 376, 377, 379, 383, 384, 385, 387, 391, 395, 400, 402, 410, 412, 414, 415, 416, 417, 418, 420, 421, 429, 442, 443, 446, 449, 450, 452, 458, 463, 464, 465, 467, 475, 487, 488, 494, 496, 497, 498, 500, 508, 530, 531, 533, 537, 538, 539, 540, 542, 549, 558, 559, 560, 573, 592, 594, 595, 596, 597, 600, 612, 614, 615, 616, 617, 619, 620, 622, 623, 627, 638, 640, 641, 649, 651, 653, 669, 673, 674, 675, 676, 694, 703, 709, 779, 788, 800, 801, 802, 803, 804, 805, 807, 808, 809, 810, 812], "summary": {"covered_lines": 229, "num_statements": 315, "percent_covered": 72.6984126984127, "percent_covered_display": "73", "missing_lines": 86, "excluded_lines": 2, "percent_statements_covered": 72.6984126984127, "percent_statements_covered_display": "73"}, "missing_lines": [147, 149, 183, 185, 267, 344, 345, 346, 347, 348, 380, 381, 388, 389, 392, 393, 396, 397, 423, 424, 425, 426, 427, 444, 469, 470, 471, 472, 473, 502, 503, 504, 505, 506, 534, 562, 567, 568, 569, 570, 571, 624, 625, 643, 644, 645, 646, 647, 670, 677, 680, 681, 682, 683, 684, 686, 687, 688, 689, 690, 692, 696, 697, 698, 699, 701, 705, 706, 707, 731, 733, 736, 737, 738, 741, 748, 754, 763, 764, 768, 771, 773, 774, 775, 776, 777], "excluded_lines": [17, 18], "functions": {"Neo4jConnection.__init__": {"executed_lines": [52, 53, 54, 55, 56, 58, 59], "summary": {"covered_lines": 7, "num_statements": 7, "percent_covered": 100.0, "percent_covered_display": "100", "missing_lines": 0, "excluded_lines": 0, "percent_statements_covered": 100.0, "percent_statements_covered_display": "100"}, "missing_lines": [], "excluded_lines": []}, "Neo4jConnection.connect": {"executed_lines": [70, 71, 72, 73, 74, 79, 80, 89, 90, 92, 93, 94, 95, 96, 97, 98, 99, 100], "summary": {"covered_lines": 18, "num_statements": 18, "percent_covered": 100.0, "percent_covered_display": "100", "missing_lines": 0, "excluded_lines": 0, "percent_statements_covered": 100.0, "percent_statements_covered_display": "100"}, "missing_lines": [], "excluded_lines": []}, "Neo4jConnection.close": {"executed_lines": [104, 105, 106, 107], "summary": {"covered_lines": 4, "num_statements": 4, "percent_covered": 100.0, "percent_covered_display": "100", "missing_lines": 0, "excluded_lines": 0, "percent_statements_covered": 100.0, "percent_statements_covered_display": "100"}, "missing_lines": [], "excluded_lines": []}, "Neo4jConnection.session": {"executed_lines": [116, 117, 119, 120, 121, 123], "summary": {"covered_lines": 6, "num_statements": 6, "percent_covered": 100.0, "percent_covered_display": "100", "missing_lines": 0, "excluded_lines": 0, "percent_statements_covered": 100.0, "percent_statements_covered_display": "100"}, "missing_lines": [], "excluded_lines": []}, "Neo4jConnection.execute_write_query": {"executed_lines": [145, 146, 151, 152, 153, 156, 157, 158, 159], "summary": {"covered_lines": 9, "num_statements": 11, "percent_covered": 81.81818181818181, "percent_covered_display": "82", "missing_lines": 2, "excluded_lines": 0, "percent_statements_covered": 81.81818181818181, "percent_statements_covered_display": "82"}, "missing_lines": [147, 149], "excluded_lines": []}, "Neo4jConnection.execute_read_query": {"executed_lines": [181, 182, 187, 188, 189, 192, 193, 194, 195], "summary": {"covered_lines": 9, "num_statements": 11, "percent_covered": 81.81818181818181, "percent_covered_display": "82", "missing_lines": 2, "excluded_lines": 0, "percent_statements_covered": 81.81818181818181, "percent_statements_covered_display": "82"}, "missing_lines": [183, 185], "excluded_lines": []}, "Neo4jConnection._run_query_async": {"executed_lines": [209, 210, 211], "summary": {"covered_lines": 3, "num_statements": 3, "percent_covered": 100.0, "percent_covered_display": "100", "missing_lines": 0, "excluded_lines": 0, "percent_statements_covered": 100.0, "percent_statements_covered_display": "100"}, "missing_lines": [], "excluded_lines": []}, "MemoryDatabase.__init__": {"executed_lines": [225], "summary": {"covered_lines": 1, "num_statements": 1, "percent_covered": 100.0, "percent_covered_display": "100", "missing_lines": 0, "excluded_lines": 0, "percent_statements_covered": 100.0, "percent_statements_covered_display": "100"}, "missing_lines": [], "excluded_lines": []}, "MemoryDatabase.initialize_schema": {"executed_lines": [233, 236, 242, 253, 254, 255, 256, 257, 258, 259, 261, 262, 263, 264, 265, 266, 269], "summary": {"covered_lines": 17, "num_statements": 18, "percent_covered": 94.44444444444444, "percent_covered_display": "94", "missing_lines": 1, "excluded_lines": 0, "percent_statements_covered": 94.44444444444444, "percent_statements_covered_display": "94"}, "missing_lines": [267], "excluded_lines": []}, "MemoryDatabase.store_memory": {"executed_lines": [284, 285, 286, 288, 291, 292, 294, 300, 305, 306, 307, 309, 311, 312, 313, 314, 315], "summary": {"covered_lines": 17, "num_statements": 17, "percent_covered": 100.0, "percent_covered_display": "100", "missing_lines": 0, "excluded_lines": 0, "percent_statements_covered": 100.0, "percent_statements_covered_display": "100"}, "missing_lines": [], "excluded_lines": []}, "MemoryDatabase.get_memory": {"executed_lines": [330, 331, 336, 338, 339, 341, 342], "summary": {"covered_lines": 7, "num_statements": 12, "percent_covered": 58.333333333333336, "percent_covered_display": "58", "missing_lines": 5, "excluded_lines": 0, "percent_statements_covered": 58.333333333333336, "percent_statements_covered_display": "58"}, "missing_lines": [344, 345, 346, 347, 348], "excluded_lines": []}, "MemoryDatabase.search_memories": {"executed_lines": [362, 363, 364, 367, 368, 369, 371, 372, 373, 375, 376, 377, 379, 383, 384, 385, 387, 391, 395, 400, 402, 410, 412, 414, 415, 416, 417, 418, 420, 421], "summary": {"covered_lines": 30, "num_statements": 43, "percent_covered": 69.76744186046511, "percent_covered_display": "70", "missing_lines": 13, "excluded_lines": 0, "percent_statements_covered": 69.76744186046511, "percent_statements_covered_display": "70"}, "missing_lines": [380, 381, 388, 389, 392, 393, 396, 397, 423, 424, 425, 426, 427], "excluded_lines": []}, "MemoryDatabase.update_memory": {"executed_lines": [442, 443, 446, 449, 450, 452, 458, 463, 464, 465, 467], "summary": {"covered_lines": 11, "num_statements": 17, "percent_covered": 64.70588235294117, "percent_covered_display": "65", "missing_lines": 6, "excluded_lines": 0, "percent_statements_covered": 64.70588235294117, "percent_statements_covered_display": "65"}, "missing_lines": [444, 469, 470, 471, 472, 473], "excluded_lines": []}, "MemoryDatabase.delete_memory": {"executed_lines": [487, 488, 494, 496, 497, 498, 500], "summary": {"covered_lines": 7, "num_statements": 12, "percent_covered": 58.333333333333336, "percent_covered_display": "58", "missing_lines": 5, "excluded_lines": 0, "percent_statements_covered": 58.333333333333336, "percent_statements_covered_display": "58"}, "missing_lines": [502, 503, 504, 505, 506], "excluded_lines": []}, "MemoryDatabase.create_relationship": {"executed_lines": [530, 531, 533, 537, 538, 539, 540, 542, 549, 558, 559, 560], "summary": {"covered_lines": 12, "num_statements": 19, "percent_covered": 63.1578947368421, "percent_covered_display": "63", "missing_lines": 7, "excluded_lines": 0, "percent_statements_covered": 63.1578947368421, "percent_statements_covered_display": "63"}, "missing_lines": [534, 562, 567, 568, 569, 570, 571], "excluded_lines": []}, "MemoryDatabase.get_related_memories": {"executed_lines": [592, 594, 595, 596, 597, 600, 612, 614, 615, 616, 617, 619, 620, 622, 623, 627, 638, 640, 641], "summary": {"covered_lines": 19, "num_statements": 26, "percent_covered": 73.07692307692308, "percent_covered_display": "73", "missing_lines": 7, "excluded_lines": 0, "percent_statements_covered": 73.07692307692308, "percent_statements_covered_display": "73"}, "missing_lines": [624, 625, 643, 644, 645, 646, 647], "excluded_lines": []}, "MemoryDatabase._neo4j_to_memory": {"executed_lines": [651, 653, 669, 673, 674, 675, 676, 694, 703], "summary": {"covered_lines": 9, "num_statements": 30, "percent_covered": 30.0, "percent_covered_display": "30", "missing_lines": 21, "excluded_lines": 0, "percent_statements_covered": 30.0, "percent_statements_covered_display": "30"}, "missing_lines": [670, 677, 680, 681, 682, 683, 684, 686, 687, 688, 689, 690, 692, 696, 697, 698, 699, 701, 705, 706, 707], "excluded_lines": []}, "MemoryDatabase.update_relationship_properties": {"executed_lines": [], "summary": {"covered_lines": 0, "num_statements": 17, "percent_covered": 0.0, "percent_covered_display": "0", "missing_lines": 17, "excluded_lines": 0, "percent_statements_covered": 0.0, "percent_statements_covered_display": "0"}, "missing_lines": [731, 733, 736, 737, 738, 741, 748, 754, 763, 764, 768, 771, 773, 774, 775, 776, 777], "excluded_lines": []}, "MemoryDatabase.get_memory_statistics": {"executed_lines": [788, 800, 801, 802, 803, 804, 805, 807, 808, 809, 810, 812], "summary": {"covered_lines": 12, "num_statements": 12, "percent_covered": 100.0, "percent_covered_display": "100", "missing_lines": 0, "excluded_lines": 0, "percent_statements_covered": 100.0, "percent_statements_covered_display": "100"}, "missing_lines": [], "excluded_lines": []}, "": {"executed_lines": [1, 8, 9, 10, 11, 12, 13, 17, 20, 28, 31, 32, 34, 63, 102, 109, 110, 125, 161, 197, 198, 214, 215, 217, 227, 271, 317, 350, 429, 475, 508, 573, 649, 709, 779], "summary": {"covered_lines": 31, "num_statements": 31, "percent_covered": 100.0, "percent_covered_display": "100", "missing_lines": 0, "excluded_lines": 2, "percent_statements_covered": 100.0, "percent_statements_covered_display": "100"}, "missing_lines": [], "excluded_lines": [17, 18]}}, "classes": {"Neo4jConnection": {"executed_lines": [52, 53, 54, 55, 56, 58, 59, 70, 71, 72, 73, 74, 79, 80, 89, 90, 92, 93, 94, 95, 96, 97, 98, 99, 100, 104, 105, 106, 107, 116, 117, 119, 120, 121, 123, 145, 146, 151, 152, 153, 156, 157, 158, 159, 181, 182, 187, 188, 189, 192, 193, 194, 195, 209, 210, 211], "summary": {"covered_lines": 56, "num_statements": 60, "percent_covered": 93.33333333333333, "percent_covered_display": "93", "missing_lines": 4, "excluded_lines": 0, "percent_statements_covered": 93.33333333333333, "percent_statements_covered_display": "93"}, "missing_lines": [147, 149, 183, 185], "excluded_lines": []}, "MemoryDatabase": {"executed_lines": [225, 233, 236, 242, 253, 254, 255, 256, 257, 258, 259, 261, 262, 263, 264, 265, 266, 269, 284, 285, 286, 288, 291, 292, 294, 300, 305, 306, 307, 309, 311, 312, 313, 314, 315, 330, 331, 336, 338, 339, 341, 342, 362, 363, 364, 367, 368, 369, 371, 372, 373, 375, 376, 377, 379, 383, 384, 385, 387, 391, 395, 400, 402, 410, 412, 414, 415, 416, 417, 418, 420, 421, 442, 443, 446, 449, 450, 452, 458, 463, 464, 465, 467, 487, 488, 494, 496, 497, 498, 500, 530, 531, 533, 537, 538, 539, 540, 542, 549, 558, 559, 560, 592, 594, 595, 596, 597, 600, 612, 614, 615, 616, 617, 619, 620, 622, 623, 627, 638, 640, 641, 651, 653, 669, 673, 674, 675, 676, 694, 703, 788, 800, 801, 802, 803, 804, 805, 807, 808, 809, 810, 812], "summary": {"covered_lines": 142, "num_statements": 224, "percent_covered": 63.392857142857146, "percent_covered_display": "63", "missing_lines": 82, "excluded_lines": 0, "percent_statements_covered": 63.392857142857146, "percent_statements_covered_display": "63"}, "missing_lines": [267, 344, 345, 346, 347, 348, 380, 381, 388, 389, 392, 393, 396, 397, 423, 424, 425, 426, 427, 444, 469, 470, 471, 472, 473, 502, 503, 504, 505, 506, 534, 562, 567, 568, 569, 570, 571, 624, 625, 643, 644, 645, 646, 647, 670, 677, 680, 681, 682, 683, 684, 686, 687, 688, 689, 690, 692, 696, 697, 698, 699, 701, 705, 706, 707, 731, 733, 736, 737, 738, 741, 748, 754, 763, 764, 768, 771, 773, 774, 775, 776, 777], "excluded_lines": []}, "": {"executed_lines": [1, 8, 9, 10, 11, 12, 13, 17, 20, 28, 31, 32, 34, 63, 102, 109, 110, 125, 161, 197, 198, 214, 215, 217, 227, 271, 317, 350, 429, 475, 508, 573, 649, 709, 779], "summary": {"covered_lines": 31, "num_statements": 31, "percent_covered": 100.0, "percent_covered_display": "100", "missing_lines": 0, "excluded_lines": 2, "percent_statements_covered": 100.0, "percent_statements_covered_display": "100"}, "missing_lines": [], "excluded_lines": [17, 18]}}}, "src/memorygraph/graph_analytics.py": {"executed_lines": [1, 10, 11, 12, 13, 15, 21, 23, 26, 27, 28, 38, 39, 40, 41, 43, 44, 46, 49, 50, 51, 62, 63, 64, 65, 66, 69, 70, 71, 80, 81, 82, 85, 86, 93, 95, 97, 114, 115, 118, 120, 121, 124, 127, 128, 129, 131, 133, 157, 159, 163, 166, 167, 168, 174, 175, 177, 178, 181, 182, 185, 186, 187, 189, 197, 199, 200, 201, 203, 204, 205, 206, 207, 209, 211, 234, 236, 239, 241, 243, 246, 247, 249, 252, 254, 255, 257, 263, 266, 267, 268, 271, 272, 273, 279, 281, 284, 286, 288, 313, 315, 319, 322, 323, 324, 329, 336, 337, 343, 344, 345, 347, 348, 350, 351, 352, 354, 355, 356, 357, 359, 360, 361, 362, 364, 368, 370, 372, 374, 395, 396, 399, 400, 402, 404, 405, 407, 408, 409, 410, 412, 413, 415, 416, 417, 419, 422, 423, 424, 425, 426, 429, 431, 433, 434, 435, 436, 439, 440, 441, 442, 445, 447, 453, 454, 455, 456, 459, 461, 470, 472, 474, 492, 493, 495, 496, 554, 576, 577, 579, 580, 591, 592, 593, 594, 596, 599, 600, 603, 609, 610, 611, 612, 615, 616, 617, 619, 631], "summary": {"covered_lines": 193, "num_statements": 223, "percent_covered": 86.54708520179372, "percent_covered_display": "87", "missing_lines": 30, "excluded_lines": 0, "percent_statements_covered": 86.54708520179372, "percent_statements_covered_display": "87"}, "missing_lines": [160, 237, 250, 269, 316, 330, 331, 499, 500, 501, 502, 505, 508, 510, 511, 512, 515, 516, 519, 520, 521, 524, 526, 527, 530, 535, 541, 543, 550, 552], "excluded_lines": [], "functions": {"GraphPath.average_strength": {"executed_lines": [46], "summary": {"covered_lines": 1, "num_statements": 1, "percent_covered": 100.0, "percent_covered_display": "100", "missing_lines": 0, "excluded_lines": 0, "percent_statements_covered": 100.0, "percent_statements_covered_display": "100"}, "missing_lines": [], "excluded_lines": []}, "GraphAnalyzer.__init__": {"executed_lines": [95], "summary": {"covered_lines": 1, "num_statements": 1, "percent_covered": 100.0, "percent_covered_display": "100", "missing_lines": 0, "excluded_lines": 0, "percent_statements_covered": 100.0, "percent_statements_covered_display": "100"}, "missing_lines": [], "excluded_lines": []}, "GraphAnalyzer.build_adjacency_lists": {"executed_lines": [114, 115, 118, 120, 121, 124, 127, 128, 129, 131], "summary": {"covered_lines": 10, "num_statements": 10, "percent_covered": 100.0, "percent_covered_display": "100", "missing_lines": 0, "excluded_lines": 0, "percent_statements_covered": 100.0, "percent_statements_covered_display": "100"}, "missing_lines": [], "excluded_lines": []}, "GraphAnalyzer.find_shortest_path": {"executed_lines": [157, 159, 163, 166, 167, 168, 174, 175, 177, 178, 181, 182, 185, 186, 187, 189, 197, 199, 200, 201, 203, 204, 205, 206, 207, 209], "summary": {"covered_lines": 26, "num_statements": 27, "percent_covered": 96.29629629629629, "percent_covered_display": "96", "missing_lines": 1, "excluded_lines": 0, "percent_statements_covered": 96.29629629629629, "percent_statements_covered_display": "96"}, "missing_lines": [160], "excluded_lines": []}, "GraphAnalyzer.find_all_paths": {"executed_lines": [234, 236, 239, 241, 243, 281, 284, 286], "summary": {"covered_lines": 8, "num_statements": 9, "percent_covered": 88.88888888888889, "percent_covered_display": "89", "missing_lines": 1, "excluded_lines": 0, "percent_statements_covered": 88.88888888888889, "percent_statements_covered_display": "89"}, "missing_lines": [237], "excluded_lines": []}, "GraphAnalyzer.find_all_paths.dfs": {"executed_lines": [246, 247, 249, 252, 254, 255, 257, 263, 266, 267, 268, 271, 272, 273, 279], "summary": {"covered_lines": 15, "num_statements": 17, "percent_covered": 88.23529411764706, "percent_covered_display": "88", "missing_lines": 2, "excluded_lines": 0, "percent_statements_covered": 88.23529411764706, "percent_statements_covered_display": "88"}, "missing_lines": [250, 269], "excluded_lines": []}, "GraphAnalyzer.get_neighbors": {"executed_lines": [313, 315, 319, 322, 323, 324, 329, 336, 337, 343, 344, 345, 347, 348, 350, 351, 352, 354, 355, 356, 357, 359, 360, 361, 362, 364, 368, 370, 372], "summary": {"covered_lines": 29, "num_statements": 32, "percent_covered": 90.625, "percent_covered_display": "91", "missing_lines": 3, "excluded_lines": 0, "percent_statements_covered": 90.625, "percent_statements_covered_display": "91"}, "missing_lines": [316, 330, 331], "excluded_lines": []}, "GraphAnalyzer.detect_clusters": {"executed_lines": [395, 396, 399, 400, 402, 422, 423, 424, 425, 426, 429, 431, 433, 434, 435, 436, 439, 440, 441, 442, 445, 447, 453, 454, 455, 456, 459, 461, 470, 472], "summary": {"covered_lines": 30, "num_statements": 30, "percent_covered": 100.0, "percent_covered_display": "100", "missing_lines": 0, "excluded_lines": 0, "percent_statements_covered": 100.0, "percent_statements_covered_display": "100"}, "missing_lines": [], "excluded_lines": []}, "GraphAnalyzer.detect_clusters.dfs_component": {"executed_lines": [404, 405, 407, 408, 409, 410, 412, 413, 415, 416, 417, 419], "summary": {"covered_lines": 12, "num_statements": 12, "percent_covered": 100.0, "percent_covered_display": "100", "missing_lines": 0, "excluded_lines": 0, "percent_statements_covered": 100.0, "percent_statements_covered_display": "100"}, "missing_lines": [], "excluded_lines": []}, "GraphAnalyzer.find_bridge_nodes": {"executed_lines": [492, 493, 495, 496], "summary": {"covered_lines": 4, "num_statements": 27, "percent_covered": 14.814814814814815, "percent_covered_display": "15", "missing_lines": 23, "excluded_lines": 0, "percent_statements_covered": 14.814814814814815, "percent_statements_covered_display": "15"}, "missing_lines": [499, 500, 501, 502, 505, 508, 510, 511, 512, 515, 516, 519, 520, 521, 524, 526, 527, 530, 535, 541, 543, 550, 552], "excluded_lines": []}, "Grap
[...]
5, 411, 468, 517, 568, 606, 663, 697, 746, 802, 855], "summary": {"covered_lines": 24, "num_statements": 24, "percent_covered": 100.0, "percent_covered_display": "100", "missing_lines": 0, "excluded_lines": 0, "percent_statements_covered": 100.0, "percent_statements_covered_display": "100"}, "missing_lines": [], "excluded_lines": []}}, "classes": {"": {"executed_lines": [1, 8, 9, 10, 11, 13, 15, 16, 20, 25, 30, 39, 43, 310, 355, 411, 468, 517, 568, 606, 663, 697, 746, 802, 855], "summary": {"covered_lines": 24, "num_statements": 198, "percent_covered": 12.121212121212121, "percent_covered_display": "12", "missing_lines": 174, "excluded_lines": 0, "percent_statements_covered": 12.121212121212121, "percent_statements_covered_display": "12"}, "missing_lines": [315, 316, 317, 318, 320, 326, 327, 335, 337, 344, 345, 346, 360, 361, 362, 363, 365, 372, 373, 381, 382, 383, 384, 385, 386, 387, 388, 389, 390, 391, 393, 400, 401, 402, 416, 417, 418, 420, 426, 427, 435, 436, 437, 438, 440, 441, 442, 444, 445, 447, 448, 450, 457, 458, 459, 473, 474, 475, 477, 483, 484, 492, 493, 494, 495, 496, 497, 499, 506, 507, 508, 522, 523, 524, 525, 526, 527, 529, 538, 539, 540, 549, 557, 558, 559, 573, 574, 575, 576, 577, 579, 588, 595, 596, 597, 611, 612, 613, 614, 616, 623, 624, 632, 633, 634, 635, 636, 638, 639, 640, 641, 642, 643, 645, 652, 653, 654, 668, 669, 670, 672, 678, 686, 687, 688, 702, 703, 704, 706, 712, 713, 721, 722, 723, 725, 726, 728, 735, 736, 737, 751, 752, 753, 755, 761, 762, 770, 771, 772, 773, 775, 776, 777, 779, 780, 781, 782, 784, 791, 792, 793, 807, 808, 810, 812, 813, 822, 832, 833, 834, 836, 843, 844, 845], "excluded_lines": []}}}, "src/memorygraph/relationships.py": {"executed_lines": [1, 10, 11, 12, 13, 14, 16, 24, 27, 28, 35, 36, 37, 38, 39, 40, 41, 44, 45, 46, 58, 59, 60, 61, 62, 63, 67, 339, 340, 348, 350, 352, 368, 369, 371, 373, 386, 387, 389, 402, 407, 428, 430, 437, 455, 456, 459, 463, 465, 478, 480, 481, 483, 485, 506, 509, 510, 511, 514, 515, 518, 519, 520, 523, 525, 544, 545, 546, 549, 550, 553, 554, 555, 557, 558, 560, 572, 585, 588, 589, 591, 595, 603, 604, 606, 608, 610, 627, 630, 631, 632, 635, 636, 639, 645, 646, 647, 648, 651, 653, 654, 655, 658, 659, 662, 664, 668], "summary": {"covered_lines": 103, "num_statements": 106, "percent_covered": 97.16981132075472, "percent_covered_display": "97", "missing_lines": 3, "excluded_lines": 0, "percent_statements_covered": 97.16981132075472, "percent_statements_covered_display": "97"}, "missing_lines": [460, 641, 642], "excluded_lines": [], "functions": {"RelationshipManager.__init__": {"executed_lines": [350], "summary": {"covered_lines": 1, "num_statements": 1, "percent_covered": 100.0, "percent_covered_display": "100", "missing_lines": 0, "excluded_lines": 0, "percent_statements_covered": 100.0, "percent_statements_covered_display": "100"}, "missing_lines": [], "excluded_lines": []}, "RelationshipManager.get_relationship_metadata": {"executed_lines": [368, 369, 371], "summary": {"covered_lines": 3, "num_statements": 3, "percent_covered": 100.0, "percent_covered_display": "100", "missing_lines": 0, "excluded_lines": 0, "percent_statements_covered": 100.0, "percent_statements_covered_display": "100"}, "missing_lines": [], "excluded_lines": []}, "RelationshipManager.get_relationship_category": {"executed_lines": [386, 387], "summary": {"covered_lines": 2, "num_statements": 2, "percent_covered": 100.0, "percent_covered_display": "100", "missing_lines": 0, "excluded_lines": 0, "percent_statements_covered": 100.0, "percent_statements_covered_display": "100"}, "missing_lines": [], "excluded_lines": []}, "RelationshipManager.get_types_by_category": {"executed_lines": [402], "summary": {"covered_lines": 1, "num_statements": 1, "percent_covered": 100.0, "percent_covered_display": "100", "missing_lines": 0, "excluded_lines": 0, "percent_statements_covered": 100.0, "percent_statements_covered_display": "100"}, "missing_lines": [], "excluded_lines": []}, "RelationshipManager.create_relationship_properties": {"executed_lines": [428, 430], "summary": {"covered_lines": 2, "num_statements": 2, "percent_covered": 100.0, "percent_covered_display": "100", "missing_lines": 0, "excluded_lines": 0, "percent_statements_covered": 100.0, "percent_statements_covered_display": "100"}, "missing_lines": [], "excluded_lines": []}, "RelationshipManager.validate_relationship": {"executed_lines": [455, 456, 459, 463], "summary": {"covered_lines": 4, "num_statements": 5, "percent_covered": 80.0, "percent_covered_display": "80", "missing_lines": 1, "excluded_lines": 0, "percent_statements_covered": 80.0, "percent_statements_covered_display": "80"}, "missing_lines": [460], "excluded_lines": []}, "RelationshipManager.should_create_inverse": {"executed_lines": [478, 480, 481, 483], "summary": {"covered_lines": 4, "num_statements": 4, "percent_covered": 100.0, "percent_covered_display": "100", "missing_lines": 0, "excluded_lines": 0, "percent_statements_covered": 100.0, "percent_statements_covered_display": "100"}, "missing_lines": [], "excluded_lines": []}, "RelationshipManager.calculate_relationship_strength": {"executed_lines": [506, 509, 510, 511, 514, 515, 518, 519, 520, 523], "summary": {"covered_lines": 10, "num_statements": 10, "percent_covered": 100.0, "percent_covered_display": "100", "missing_lines": 0, "excluded_lines": 0, "percent_statements_covered": 100.0, "percent_statements_covered_display": "100"}, "missing_lines": [], "excluded_lines": []}, "RelationshipManager.reinforce_relationship_properties": {"executed_lines": [544, 545, 546, 549, 550, 553, 554, 555, 557, 558, 560], "summary": {"covered_lines": 11, "num_statements": 11, "percent_covered": 100.0, "percent_covered_display": "100", "missing_lines": 0, "excluded_lines": 0, "percent_statements_covered": 100.0, "percent_statements_covered_display": "100"}, "missing_lines": [], "excluded_lines": []}, "RelationshipManager.find_contradictory_relationships": {"executed_lines": [585, 588, 589, 591, 595, 603, 604, 606, 608], "summary": {"covered_lines": 9, "num_statements": 9, "percent_covered": 100.0, "percent_covered_display": "100", "missing_lines": 0, "excluded_lines": 0, "percent_statements_covered": 100.0, "percent_statements_covered_display": "100"}, "missing_lines": [], "excluded_lines": []}, "RelationshipManager.suggest_relationship_type": {"executed_lines": [627, 630, 631, 632, 635, 636, 639, 645, 646, 647, 648, 651, 653, 654, 655, 658, 659, 662, 664], "summary": {"covered_lines": 19, "num_statements": 21, "percent_covered": 90.47619047619048, "percent_covered_display": "90", "missing_lines": 2, "excluded_lines": 0, "percent_statements_covered": 90.47619047619048, "percent_statements_covered_display": "90"}, "missing_lines": [641, 642], "excluded_lines": []}, "": {"executed_lines": [1, 10, 11, 12, 13, 14, 16, 24, 27, 28, 35, 36, 37, 38, 39, 40, 41, 44, 45, 46, 58, 59, 60, 61, 62, 63, 67, 339, 340, 348, 352, 373, 389, 407, 437, 465, 485, 525, 572, 610, 668], "summary": {"covered_lines": 37, "num_statements": 37, "percent_covered": 100.0, "percent_covered_display": "100", "missing_lines": 0, "excluded_lines": 0, "percent_statements_covered": 100.0, "percent_statements_covered_display": "100"}, "missing_lines": [], "excluded_lines": []}}, "classes": {"RelationshipCategory": {"executed_lines": [], "summary": {"covered_lines": 0, "num_statements": 0, "percent_covered": 100.0, "percent_covered_display": "100", "missing_lines": 0, "excluded_lines": 0, "percent_statements_covered": 100.0, "percent_statements_covered_display": "100"}, "missing_lines": [], "excluded_lines": []}, "RelationshipTypeMetadata": {"executed_lines": [], "summary": {"covered_lines": 0, "num_statements": 0, "percent_covered": 100.0, "percent_covered_display": "100", "missing_lines": 0, "excluded_lines": 0, "percent_statements_covered": 100.0, "percent_statements_covered_display": "100"}, "missing_lines": [], "excluded_lines": []}, "RelationshipManager": {"executed_lines": [350, 368, 369, 371, 386, 387, 402, 428, 430, 455, 456, 459, 463, 478, 480, 481, 483, 506, 509, 510, 511, 514, 515, 518, 519, 520, 523, 544, 545, 546, 549, 550, 553, 554, 555, 557, 558, 560, 585, 588, 589, 591, 595, 603, 604, 606, 608, 627, 630, 631, 632, 635, 636, 639, 645, 646, 647, 648, 651, 653, 654, 655, 658, 659, 662, 664], "summary": {"covered_lines": 66, "num_statements": 69, "percent_covered": 95.65217391304348, "percent_covered_display": "96", "missing_lines": 3, "excluded_lines": 0, "percent_statements_covered": 95.65217391304348, "percent_statements_covered_display": "96"}, "missing_lines": [460, 641, 642], "excluded_lines": []}, "": {"executed_lines": [1, 10, 11, 12, 13, 14, 16, 24, 27, 28, 35, 36, 37, 38, 39, 40, 41, 44, 45, 46, 58, 59, 60, 61, 62, 63, 67, 339, 340, 348, 352, 373, 389, 407, 437, 465, 485, 525, 572, 610, 668], "summary": {"covered_lines": 37, "num_statements": 37, "percent_covered": 100.0, "percent_covered_display": "100", "missing_lines": 0, "excluded_lines": 0, "percent_statements_covered": 100.0, "percent_statements_covered_display": "100"}, "missing_lines": [], "excluded_lines": []}}}, "src/memorygraph/server.py": {"executed_lines": [1, 8, 9, 10, 11, 12, 13, 15, 16, 17, 18, 26, 28, 29, 42, 43, 44, 45, 46, 50, 54, 57, 58, 60, 62, 63, 64, 65, 68, 71, 74, 75, 77, 78, 81, 82, 84, 87, 308, 316, 318, 321, 322, 326, 327, 430, 432, 434, 435, 438, 439, 442, 445, 446, 448, 449, 450, 451, 453, 454, 455, 457, 459, 460, 461, 463, 465, 467, 468, 469, 472, 483, 485, 492, 493, 500, 501, 509, 511, 512, 513, 515, 517, 518, 527, 536, 539, 542, 543, 550, 551, 559, 561, 563, 572, 574, 575, 583, 584, 585, 586, 587, 588, 590, 592, 613, 615, 616, 619, 620, 630, 631, 632, 633, 634, 636, 638, 642, 644, 645, 652, 676, 678, 679, 681, 683, 684, 691, 715, 717, 718, 724, 731, 738, 739, 747, 749, 750, 751, 753, 754, 756, 758, 764, 765, 773, 774, 775, 776, 777, 779, 799, 801, 802, 805, 807, 808, 810, 811, 812, 813, 815, 816, 818, 819, 821, 822, 824, 827, 828, 837, 869], "summary": {"covered_lines": 169, "num_statements": 248, "percent_covered": 68.14516129032258, "percent_covered_display": "68", "missing_lines": 79, "excluded_lines": 2, "percent_statements_covered": 68.14516129032258, "percent_statements_covered_display": "68"}, "missing_lines": [324, 329, 330, 331, 339, 340, 341, 342, 343, 344, 345, 346, 347, 348, 349, 350, 351, 352, 353, 354, 356, 360, 361, 362, 363, 365, 371, 374, 375, 376, 377, 379, 385, 389, 390, 392, 398, 401, 402, 403, 404, 406, 412, 420, 421, 422, 537, 589, 596, 597, 604, 605, 621, 635, 637, 639, 659, 660, 667, 668, 698, 699, 706, 707, 782, 783, 790, 791, 839, 841, 843, 846, 847, 860, 861, 862, 863, 864, 866], "excluded_lines": [869, 870], "functions": {"ClaudeMemoryServer.__init__": {"executed_lines": [62, 63, 64, 65, 68, 71, 74, 75, 77, 78, 81, 82], "summary": {"covered_lines": 12, "num_statements": 12, "percent_covered": 100.0, "percent_covered_display": "100", "missing_lines": 0, "excluded_lines": 0, "percent_statements_covered": 100.0, "percent_statements_covered_display": "100"}, "missing_lines": [], "excluded_lines": []}, "ClaudeMemoryServer._collect_all_tools": {"executed_lines": [87, 308, 316], "summary": {"covered_lines": 3, "num_statements": 3, "percent_covered": 100.0, "percent_covered_display": "100", "missing_lines": 0, "excluded_lines": 0, "percent_statements_covered": 100.0, "percent_statements_covered_display": "100"}, "missing_lines": [], "excluded_lines": []}, "ClaudeMemoryServer._register_handlers": {"executed_lines": [321, 322, 326, 327], "summary": {"covered_lines": 4, "num_statements": 4, "percent_covered": 100.0, "percent_covered_display": "100", "missing_lines": 0, "excluded_lines": 0, "percent_statements_covered": 100.0, "percent_statements_covered_display": "100"}, "missing_lines": [], "excluded_lines": []}, "ClaudeMemoryServer._register_handlers.handle_list_tools": {"executed_lines": [], "summary": {"covered_lines": 0, "num_statements": 1, "percent_covered": 0.0, "percent_covered_display": "0", "missing_lines": 1, "excluded_lines": 0, "percent_statements_covered": 0.0, "percent_statements_covered_display": "0"}, "missing_lines": [324], "excluded_lines": []}, "ClaudeMemoryServer._register_handlers.handle_call_tool": {"executed_lines": [], "summary": {"covered_lines": 0, "num_statements": 45, "percent_covered": 0.0, "percent_covered_display": "0", "missing_lines": 45, "excluded_lines": 0, "percent_statements_covered": 0.0, "percent_statements_covered_display": "0"}, "missing_lines": [329, 330, 331, 339, 340, 341, 342, 343, 344, 345, 346, 347, 348, 349, 350, 351, 352, 353, 354, 356, 360, 361, 362, 363, 365, 371, 374, 375, 376, 377, 379, 385, 389, 390, 392, 398, 401, 402, 403, 404, 406, 412, 420, 421, 422], "excluded_lines": []}, "ClaudeMemoryServer.initialize": {"executed_lines": [432, 434, 435, 438, 439, 442, 445, 446, 448, 449, 450, 451, 453, 454, 455], "summary": {"covered_lines": 15, "num_statements": 15, "percent_covered": 100.0, "percent_covered_display": "100", "missing_lines": 0, "excluded_lines": 0, "percent_statements_covered": 100.0, "percent_statements_covered_display": "100"}, "missing_lines": [], "excluded_lines": []}, "ClaudeMemoryServer.cleanup": {"executed_lines": [459, 460, 461], "summary": {"covered_lines": 3, "num_statements": 3, "percent_covered": 100.0, "percent_covered_display": "100", "missing_lines": 0, "excluded_lines": 0, "percent_statements_covered": 100.0, "percent_statements_covered_display": "100"}, "missing_lines": [], "excluded_lines": []}, "ClaudeMemoryServer._handle_store_memory": {"executed_lines": [465, 467, 468, 469, 472, 483, 485, 492, 493, 500, 501], "summary": {"covered_lines": 11, "num_statements": 11, "percent_covered": 100.0, "percent_covered_display": "100", "missing_lines": 0, "excluded_lines": 0, "percent_statements_covered": 100.0, "percent_statements_covered_display": "100"}, "missing_lines": [], "excluded_lines": []}, "ClaudeMemoryServer._handle_get_memory": {"executed_lines": [511, 512, 513, 515, 517, 518, 527, 536, 539, 542, 543, 550, 551], "summary": {"covered_lines": 13, "num_statements": 14, "percent_covered": 92.85714285714286, "percent_covered_display": "93", "missing_lines": 1, "excluded_lines": 0, "percent_statements_covered": 92.85714285714286, "percent_statements_covered_display": "93"}, "missing_lines": [537], "excluded_lines": []}, "ClaudeMemoryServer._handle_search_memories": {"executed_lines": [561, 563, 572, 574, 575, 583, 584, 585, 586, 587, 588, 590, 592], "summary": {"covered_lines": 13, "num_statements": 18, "percent_covered": 72.22222222222223, "percent_covered_display": "72", "missing_lines": 5, "excluded_lines": 0, "percent_statements_covered": 72.22222222222223, "percent_statements_covered_display": "72"}, "missing_lines": [589, 596, 597, 604, 605], "excluded_lines": []}, "ClaudeMemoryServer._handle_update_memory": {"executed_lines": [615, 616, 619, 620, 630, 631, 632, 633, 634, 636, 638, 642, 644, 645, 652], "summary": {"covered_lines": 15, "num_statements": 23, "percent_covered": 65.21739130434783, "percent_covered_display": "65", "missing_lines": 8, "excluded_lines": 0, "percent_statements_covered": 65.21739130434783, "percent_statements_covered_display": "65"}, "missing_lines": [621, 635, 637, 639, 659, 660, 667, 668], "excluded_lines": []}, "ClaudeMemoryServer._handle_delete_memory": {"executed_lines": [678, 679, 681, 683, 684, 691], "summary": {"covered_lines": 6, "num_statements": 10, "percent_covered": 60.0, "percent_covered_display": "60", "missing_lines": 4, "excluded_lines": 0, "percent_statements_covered": 60.0, "percent_statements_covered_display": "60"}, "missing_lines": [698, 699, 706, 707], "excluded_lines": []}, "ClaudeMemoryServer._handle_create_relationship": {"executed_lines": [717, 718, 724, 731, 738, 739], "summary": {"covered_lines": 6, "num_statements": 6, "percent_covered": 100.0, "percent_covered_display": "100", "missing_lines": 0, "excluded_lines": 0, "percent_statements_covered": 100.0, "percent_statements_covered_display": "100"}, "missing_lines": [], "excluded_lines": []}, "ClaudeMemoryServer._handle_get_related_memories": {"executed_lines": [749, 750, 751, 753, 754, 756, 758, 764, 765, 773, 774, 775, 776, 777, 779], "summary": {"covered_lines": 15, "num_statements": 19, "percent_covered": 78.94736842105263, "percent_covered_display": "79", "missing_lines": 4, "excluded_lines": 0, "percent_statements_covered": 78.94736842105263, "percent_statements_covered_display": "79"}, "missing_lines": [782, 783, 790, 791], "excluded_lines": []}, "ClaudeMemoryServer._handle_get_memory_statistics": {"executed_lines": [801, 802, 805, 807, 808, 810, 811, 812, 813, 815, 816, 818, 819, 821, 822, 824, 827, 828], "summary": {"covered_lines": 18, "num_statements": 18, "percent_covered": 100.0, "percent_covered_display": "100", "missing_lines": 0, "excluded_lines": 0, "percent_statements_covered": 100.0, "percent_statements_covered_display": "100"}, "missing_lines": [], "excluded_lines": []}, "main": {"executed_lines": [], "summary": {"covered_lines": 0, "num_statements": 11, "percent_covered": 0.0, "percent_covered_display": "0", "missing_lines": 11, "excluded_lines": 0, "percent_statements_covered": 0.0, "percent_statements_covered_display": "0"}, "missing_lines": [839, 841, 843, 846, 847, 860, 861, 862, 863, 864, 866], "excluded_lines": []}, "": {"executed_lines": [1, 8, 9, 10, 11, 12, 13, 15, 16, 17, 18, 26, 28, 29, 42, 43, 44, 45, 46, 50, 54, 57, 58, 60, 84, 318, 430, 457, 463, 509, 559, 613, 676, 715, 747, 799, 837, 869], "summary": {"covered_lines": 35, "num_statements": 35, "percent_covered": 100.0, "percent_covered_display": "100", "missing_lines": 0, "excluded_lines": 2, "percent_statements_covered": 100.0, "percent_statements_covered_display": "100"}, "missing_lines": [], "excluded_lines": [869, 870]}}, "classes": {"ClaudeMemoryServer": {"executed_lines": [62, 63, 64, 65, 68, 71, 74, 75, 77, 78, 81, 82, 87, 308, 316, 321, 322, 326, 327, 432, 434, 435, 438, 439, 442, 445, 446, 448, 449, 450, 451, 453, 454, 455, 459, 460, 461, 465, 467, 468, 469, 472, 483, 485, 492, 493, 500, 501, 511, 512, 513, 515, 517, 518, 527, 536, 539, 542, 543, 550, 551, 561, 563, 572, 574, 575, 583, 584, 585, 586, 587, 588, 590, 592, 615, 616, 619, 620, 630, 631, 632, 633, 634, 636, 638, 642, 644, 645, 652, 678, 679, 681, 683, 684, 691, 717, 718, 724, 731, 738, 739, 749, 750, 751, 753, 754, 756, 758, 764, 765, 773, 774, 775, 776, 777, 779, 801, 802, 805, 807, 808, 810, 811, 812, 813, 815, 816, 818, 819, 821, 822, 824, 827, 828], "summary": {"covered_lines": 134, "num_statements": 202, "percent_covered": 66.33663366336634, "percent_covered_display": "66", "missing_lines": 68, "excluded_lines": 0, "percent_statements_covered": 66.33663366336634, "percent_statements_covered_display": "66"}, "missing_lines": [324, 329, 330, 331, 339, 340, 341, 342, 343, 344, 345, 346, 347, 348, 349, 350, 351, 352, 353, 354, 356, 360, 361, 362, 363, 365, 371, 374, 375, 376, 377, 379, 385, 389, 390, 392, 398, 401, 402, 403, 404, 406, 412, 420, 421, 422, 537, 589, 596, 597, 604, 605, 621, 635, 637, 639, 659, 660, 667, 668, 698, 699, 706, 707, 782, 783, 790, 791], "excluded_lines": []}, "": {"executed_lines": [1, 8, 9, 10, 11, 12, 13, 15, 16, 17, 18, 26, 28, 29, 42, 43, 44, 45, 46, 50, 54, 57, 58, 60, 84, 318, 430, 457, 463, 509, 559, 613, 676, 715, 747, 799, 837, 869], "summary": {"covered_lines": 35, "num_statements": 46, "percent_covered": 76.08695652173913, "percent_covered_display": "76", "missing_lines": 11, "excluded_lines": 2, "percent_statements_covered": 76.08695652173913, "percent_statements_covered_display": "76"}, "missing_lines": [839, 841, 843, 846, 847, 860, 861, 862, 863, 864, 866], "excluded_lines": [869, 870]}}}}, "totals": {"covered_lines": 2775, "num_statements": 3767, "percent_covered": 73.66604725245554, "percent_covered_display": "74", "missing_lines": 992, "excluded_lines": 103, "percent_statements_covered": 73.66604725245554, "percent_statements_covered_display": "74"}}